[  1%] Running cpp protocol buffer compiler on /build/external/aasdk/protobuf/aap_protobuf/shared/PhoneInfo.proto
[  2%] Copying crankshaft-ui qml sources into build dir
[  2%] Built target crankshaft-ui_generate_qmlls_ini_file
[  2%] Copying crankshaft-ui qml resources into build dir
[  2%] Running cpp protocol buffer compiler on /build/external/aasdk/protobuf/aap_protobuf/aaw/MessageId.proto
[  2%] Built target crankshaft-ui_copy_res
[  2%] Running qmlimportscanner for crankshaft-ui
[  2%] Built target crankshaft-ui_copy_qml
[  3%] Running cpp protocol buffer compiler on /build/external/aasdk/protobuf/aap_protobuf/aaw/Status.proto
[  3%] Running cpp protocol buffer compiler on /build/external/aasdk/protobuf/aap_protobuf/aaw/WifiConnectionStatus.proto
[  3%] Generating ui_en_GB.qm
[  3%] Running cpp protocol buffer compiler on /build/external/aasdk/protobuf/aap_protobuf/aaw/WifiInfoRequest.proto
Updating '/build/build/ui/ui_en_GB.qm'...
    Generated 21 translation(s) (0 finished and 21 unfinished)
    Ignored 7 untranslated source text(s)
[  3%] Running cpp protocol buffer compiler on /build/external/aasdk/protobuf/aap_protobuf/aaw/WifiInfoResponse.proto
[  3%] Building CXX object _deps/catch2-build/src/CMakeFiles/Catch2.dir/catch2/benchmark/catch_chronometer.cpp.o
[  3%] Generating ui_de_DE.qm
[  3%] Running cpp protocol buffer compiler on /build/external/aasdk/protobuf/aap_protobuf/aaw/WifiStartRequest.proto
Updating '/build/build/ui/ui_de_DE.qm'...
    Generated 24 translation(s) (0 finished and 24 unfinished)
    Ignored 4 untranslated source text(s)
[  3%] Running cpp protocol buffer compiler on /build/external/aasdk/protobuf/aap_protobuf/aaw/WifiStartResponse.proto
[  3%] Built target crankshaft-ui_lrelease
[  3%] Built target crankshaft-ui_qmlimportscan
[  3%] Running cpp protocol buffer compiler on /build/external/aasdk/protobuf/aap_protobuf/aaw/WifiVersionRequest.proto
[  3%] Building CXX object _deps/catch2-build/src/CMakeFiles/Catch2.dir/catch2/benchmark/detail/catch_analyse.cpp.o
[  3%] Built target crankshaft-ui_autogen_timestamp_deps
[  3%] Running cpp protocol buffer compiler on /build/external/aasdk/protobuf/aap_protobuf/aaw/WifiVersionResponse.proto
[  4%] Running cpp protocol buffer compiler on /build/external/aasdk/protobuf/aap_protobuf/channel/control/GalConstants.proto
[  4%] Automatic MOC for target crankshaft-ui
[  4%] Running cpp protocol buffer compiler on /build/external/aasdk/protobuf/aap_protobuf/channel/control/GalVerificationAudioFocus.proto
[  4%] Running cpp protocol buffer compiler on /build/external/aasdk/protobuf/aap_protobuf/channel/control/GalVerificationBugReportRequest.proto
[  4%] Running cpp protocol buffer compiler on /build/external/aasdk/protobuf/aap_protobuf/channel/control/GalVerificationBugReportResponse.proto
[  4%] Running cpp protocol buffer compiler on /build/external/aasdk/protobuf/aap_protobuf/channel/control/GalVerificationDisplayInformationRequest.proto
[  4%] Running cpp protocol buffer compiler on /build/external/aasdk/protobuf/aap_protobuf/channel/control/GalVerificationDisplayInformationResponse.proto
[  4%] Running cpp protocol buffer compiler on /build/external/aasdk/protobuf/aap_protobuf/channel/control/GalVerificationInjectInput.proto
[  4%] Running cpp protocol buffer compiler on /build/external/aasdk/protobuf/aap_protobuf/channel/control/GalVerificationMediaSinkStatus.proto
[  5%] Running cpp protocol buffer compiler on /build/external/aasdk/protobuf/aap_protobuf/channel/control/GalVerificationScreenCaptureRequest.proto
[  5%] Running cpp protocol buffer compiler on /build/external/aasdk/protobuf/aap_protobuf/channel/control/GalVerificationScreenCaptureResponse.proto
[  5%] Running cpp protocol buffer compiler on /build/external/aasdk/protobuf/aap_protobuf/channel/control/GalVerificationSetSensor.proto
[  5%] Running cpp protocol buffer compiler on /build/external/aasdk/protobuf/aap_protobuf/channel/control/GalVerificationVendorExtensionMessageId.proto
[  5%] Running cpp protocol buffer compiler on /build/external/aasdk/protobuf/aap_protobuf/channel/control/GalVerificationVideoFocus.proto
[  5%] Running cpp protocol buffer compiler on /build/external/aasdk/protobuf/aap_protobuf/channel/control/GoogleDiagnosticsBugReportRequest.proto
[  5%] Running cpp protocol buffer compiler on /build/external/aasdk/protobuf/aap_protobuf/channel/control/GoogleDiagnosticsBugReportResponse.proto
[  5%] Running cpp protocol buffer compiler on /build/external/aasdk/protobuf/aap_protobuf/channel/control/GoogleDiagnosticsVendorExtensionMessageId.proto
[libprotobuf WARNING google/protobuf/compiler/parser.cc:646] No syntax specified for the proto file: aap_protobuf/channel/control/GoogleDiagnosticsVendorExtensionMessageId.proto. Please use 'syntax = "proto2";' or 'syntax = "proto3";' to specify a syntax version. (Defaulted to proto2 syntax.)
[  6%] Running cpp protocol buffer compiler on /build/external/aasdk/protobuf/aap_protobuf/channel/control/InstrumentClusterInput.proto
[  6%] Running cpp protocol buffer compiler on /build/external/aasdk/protobuf/aap_protobuf/channel/control/LocationCharacterization.proto
[  6%] Running cpp protocol buffer compiler on /build/external/aasdk/protobuf/aap_protobuf/channel/control/SessionConfiguration.proto
[  6%] Running cpp protocol buffer compiler on /build/external/aasdk/protobuf/aap_protobuf/service/Service.proto
[  6%] Running cpp protocol buffer compiler on /build/external/aasdk/protobuf/aap_protobuf/service/bluetooth/BluetoothMessageId.proto
[  6%] Running cpp protocol buffer compiler on /build/external/aasdk/protobuf/aap_protobuf/service/bluetooth/BluetoothService.proto
[  6%] Running cpp protocol buffer compiler on /build/external/aasdk/protobuf/aap_protobuf/service/bluetooth/message/BluetoothAuthenticationData.proto
[  6%] Running cpp protocol buffer compiler on /build/external/aasdk/protobuf/aap_protobuf/service/bluetooth/message/BluetoothAuthenticationResult.proto
[  7%] Running cpp protocol buffer compiler on /build/external/aasdk/protobuf/aap_protobuf/service/bluetooth/message/BluetoothPairingMethod.proto
[  7%] Running cpp protocol buffer compiler on /build/external/aasdk/protobuf/aap_protobuf/service/bluetooth/message/BluetoothPairingRequest.proto
[  7%] Running cpp protocol buffer compiler on /build/external/aasdk/protobuf/aap_protobuf/service/bluetooth/message/BluetoothPairingResponse.proto
[  7%] Running cpp protocol buffer compiler on /build/external/aasdk/protobuf/aap_protobuf/service/control/ControlMessageType.proto
[  7%] Running cpp protocol buffer compiler on /build/external/aasdk/protobuf/aap_protobuf/service/control/message/AudioFocusNotification.proto
[  7%] Running cpp protocol buffer compiler on /build/external/aasdk/protobuf/aap_protobuf/service/control/message/AudioFocusRequest.proto
[  7%] Running cpp protocol buffer compiler on /build/external/aasdk/protobuf/aap_protobuf/service/control/message/AudioFocusRequestNotification.proto
[  7%] Built target crankshaft-ui_autogen
[  7%] Running cpp protocol buffer compiler on /build/external/aasdk/protobuf/aap_protobuf/service/control/message/AudioFocusRequestType.proto
[  8%] Running cpp protocol buffer compiler on /build/external/aasdk/protobuf/aap_protobuf/service/control/message/AudioFocusStateType.proto
[  8%] Building CXX object _deps/catch2-build/src/CMakeFiles/Catch2.dir/catch2/benchmark/detail/catch_benchmark_function.cpp.o
[  8%] Running cpp protocol buffer compiler on /build/external/aasdk/protobuf/aap_protobuf/service/control/message/AuthResponse.proto
[  8%] Running cpp protocol buffer compiler on /build/external/aasdk/protobuf/aap_protobuf/service/control/message/BatteryStatusNotification.proto
[  8%] Running cpp protocol buffer compiler on /build/external/aasdk/protobuf/aap_protobuf/service/control/message/ByeByeReason.proto
[  8%] Running cpp protocol buffer compiler on /build/external/aasdk/protobuf/aap_protobuf/service/control/message/ByeByeRequest.proto
[  8%] Running cpp protocol buffer compiler on /build/external/aasdk/protobuf/aap_protobuf/service/control/message/ByeByeResponse.proto
[  8%] Running cpp protocol buffer compiler on /build/external/aasdk/protobuf/aap_protobuf/service/control/message/CallAvailabilityStatus.proto
[  9%] Running cpp protocol buffer compiler on /build/external/aasdk/protobuf/aap_protobuf/service/control/message/CarConnectedDevices.proto
[  9%] Running cpp protocol buffer compiler on /build/external/aasdk/protobuf/aap_protobuf/service/control/message/CarConnectedDevicesRequest.proto
[  9%] Running cpp protocol buffer compiler on /build/external/aasdk/protobuf/aap_protobuf/service/control/message/ChannelCloseNotification.proto
[  9%] Running cpp protocol buffer compiler on /build/external/aasdk/protobuf/aap_protobuf/service/control/message/ChannelOpenRequest.proto
[  9%] Running cpp protocol buffer compiler on /build/external/aasdk/protobuf/aap_protobuf/service/control/message/ChannelOpenResponse.proto
[  9%] Running cpp protocol buffer compiler on /build/external/aasdk/protobuf/aap_protobuf/service/control/message/ConnectedDevice.proto
[  9%] Running cpp protocol buffer compiler on /build/external/aasdk/protobuf/aap_protobuf/service/control/message/ConnectionConfiguration.proto
[  9%] Running rcc for resource crankshaft-ui_raw_qml_0
[  9%] Running cpp protocol buffer compiler on /build/external/aasdk/protobuf/aap_protobuf/service/control/message/DriverPosition.proto
[ 10%] Running cpp protocol buffer compiler on /build/external/aasdk/protobuf/aap_protobuf/service/control/message/FragInfo.proto
[ 10%] Running cpp protocol buffer compiler on /build/external/aasdk/protobuf/aap_protobuf/service/control/message/HeadUnitInfo.proto
[ 10%] Running cpp protocol buffer compiler on /build/external/aasdk/protobuf/aap_protobuf/service/control/message/NavFocusNotification.proto
[ 10%] Running cpp protocol buffer compiler on /build/external/aasdk/protobuf/aap_protobuf/service/control/message/NavFocusRequestNotification.proto
[ 10%] Running cpp protocol buffer compiler on /build/external/aasdk/protobuf/aap_protobuf/service/control/message/NavFocusType.proto
[ 10%] Running cpp protocol buffer compiler on /build/external/aasdk/protobuf/aap_protobuf/service/control/message/PingConfiguration.proto
[ 11%] Running rcc for resource crankshaft-ui_translations
[ 11%] Running cpp protocol buffer compiler on /build/external/aasdk/protobuf/aap_protobuf/service/control/message/PingRequest.proto
[ 11%] Running cpp protocol buffer compiler on /build/external/aasdk/protobuf/aap_protobuf/service/control/message/PingResponse.proto
[ 11%] Building CXX object _deps/catch2-build/src/CMakeFiles/Catch2.dir/catch2/benchmark/detail/catch_run_for_at_least.cpp.o
[ 12%] Running cpp protocol buffer compiler on /build/external/aasdk/protobuf/aap_protobuf/service/control/message/ServiceDiscoveryRequest.proto
[ 12%] Running cpp protocol buffer compiler on /build/external/aasdk/protobuf/aap_protobuf/service/control/message/ServiceDiscoveryResponse.proto
[ 12%] Running cpp protocol buffer compiler on /build/external/aasdk/protobuf/aap_protobuf/service/control/message/ServiceDiscoveryUpdate.proto
[ 12%] Running cpp protocol buffer compiler on /build/external/aasdk/protobuf/aap_protobuf/service/control/message/UpdateUiConfigReply.proto
[ 12%] Running cpp protocol buffer compiler on /build/external/aasdk/protobuf/aap_protobuf/service/control/message/UpdateUiConfigRequest.proto
[ 12%] Running cpp protocol buffer compiler on /build/external/aasdk/protobuf/aap_protobuf/service/control/message/UserSwitchRequest.proto
[ 12%] Running cpp protocol buffer compiler on /build/external/aasdk/protobuf/aap_protobuf/service/control/message/UserSwitchResponse.proto
[ 12%] Running rcc for resource mdi-font
[ 12%] Running cpp protocol buffer compiler on /build/external/aasdk/protobuf/aap_protobuf/service/control/message/UserSwitchStatus.proto
[ 13%] Running cpp protocol buffer compiler on /build/external/aasdk/protobuf/aap_protobuf/service/control/message/VersionRequestOptions.proto
[ 13%] Running cpp protocol buffer compiler on /build/external/aasdk/protobuf/aap_protobuf/service/control/message/VersionResponseOptions.proto
[ 13%] Running cpp protocol buffer compiler on /build/external/aasdk/protobuf/aap_protobuf/service/control/message/VoiceSessionNotification.proto
[ 13%] Running cpp protocol buffer compiler on /build/external/aasdk/protobuf/aap_protobuf/service/control/message/VoiceSessionStatus.proto
[ 13%] Running cpp protocol buffer compiler on /build/external/aasdk/protobuf/aap_protobuf/service/control/message/WirelessTcpConfiguration.proto
[ 13%] Running cpp protocol buffer compiler on /build/external/aasdk/protobuf/aap_protobuf/service/genericnotification/GenericNotificationMessageId.proto
[ 13%] Running cpp protocol buffer compiler on /build/external/aasdk/protobuf/aap_protobuf/service/genericnotification/GenericNotificationService.proto
[ 13%] Running cpp protocol buffer compiler on /build/external/aasdk/protobuf/aap_protobuf/service/genericnotification/message/GenericNotificationAck.proto
[ 14%] Running cpp protocol buffer compiler on /build/external/aasdk/protobuf/aap_protobuf/service/genericnotification/message/GenericNotificationMessage.proto
[ 14%] Running cpp protocol buffer compiler on /build/external/aasdk/protobuf/aap_protobuf/service/genericnotification/message/GenericNotificationSubscribe.proto
[ 14%] Running cpp protocol buffer compiler on /build/external/aasdk/protobuf/aap_protobuf/service/genericnotification/message/GenericNotificationUnsubscribe.proto
[ 14%] Running cpp protocol buffer compiler on /build/external/aasdk/protobuf/aap_protobuf/service/inputsource/InputMessageId.proto
[ 14%] Running cpp protocol buffer compiler on /build/external/aasdk/protobuf/aap_protobuf/service/inputsource/InputSourceService.proto
[ 14%] Running cpp protocol buffer compiler on /build/external/aasdk/protobuf/aap_protobuf/service/inputsource/message/AbsoluteEvent.proto
[ 14%] Running cpp protocol buffer compiler on /build/external/aasdk/protobuf/aap_protobuf/service/inputsource/message/FeedbackEvent.proto
[ 14%] Running cpp protocol buffer compiler on /build/external/aasdk/protobuf/aap_protobuf/service/inputsource/message/InputFeedback.proto
[ 15%] Running cpp protocol buffer compiler on /build/external/aasdk/protobuf/aap_protobuf/service/inputsource/message/InputReport.proto
[ 15%] Running cpp protocol buffer compiler on /build/external/aasdk/protobuf/aap_protobuf/service/inputsource/message/KeyEvent.proto
[ 15%] Running cpp protocol buffer compiler on /build/external/aasdk/protobuf/aap_protobuf/service/inputsource/message/PointerAction.proto
[ 15%] Running cpp protocol buffer compiler on /build/external/aasdk/protobuf/aap_protobuf/service/inputsource/message/RelativeEvent.proto
[ 15%] Running cpp protocol buffer compiler on /build/external/aasdk/protobuf/aap_protobuf/service/inputsource/message/TouchEvent.proto
[ 15%] Running cpp protocol buffer compiler on /build/external/aasdk/protobuf/aap_protobuf/service/inputsource/message/TouchScreenType.proto
[ 15%] Running AUTOMOC file extraction for target crankshaft-ui
[ 15%] Running cpp protocol buffer compiler on /build/external/aasdk/protobuf/aap_protobuf/service/media/shared/message/AudioConfiguration.proto
[ 15%] Generating .rcc/qmlcache/crankshaft-ui_qmlcache_loader.cpp
[ 15%] Running cpp protocol buffer compiler on /build/external/aasdk/protobuf/aap_protobuf/service/media/shared/message/Config.proto
[ 16%] Running cpp protocol buffer compiler on /build/external/aasdk/protobuf/aap_protobuf/service/media/shared/message/Insets.proto
[ 16%] Running moc --collect-json for target crankshaft-ui
[ 16%] Running cpp protocol buffer compiler on /build/external/aasdk/protobuf/aap_protobuf/service/media/shared/message/MediaCodecType.proto
[ 16%] Running cpp protocol buffer compiler on /build/external/aasdk/protobuf/aap_protobuf/service/media/shared/message/Setup.proto
[ 16%] Generating meta_types/qt6crankshaft-ui_release_metatypes.json
[ 16%] Building CXX object _deps/catch2-build/src/CMakeFiles/Catch2.dir/catch2/benchmark/detail/catch_stats.cpp.o
[ 16%] Running cpp protocol buffer compiler on /build/external/aasdk/protobuf/aap_protobuf/service/media/shared/message/Start.proto
[ 16%] Automatic QML type registration for target crankshaft-ui
[ 16%] Running cpp protocol buffer compiler on /build/external/aasdk/protobuf/aap_protobuf/service/media/shared/message/Stop.proto
[ 16%] Running cpp protocol buffer compiler on /build/external/aasdk/protobuf/aap_protobuf/service/media/shared/message/UiConfig.proto
[ 16%] Running cpp protocol buffer compiler on /build/external/aasdk/protobuf/aap_protobuf/service/media/shared/message/UiTheme.proto
[ 17%] Running cpp protocol buffer compiler on /build/external/aasdk/protobuf/aap_protobuf/service/media/sink/MediaMessageId.proto
[ 17%] Running cpp protocol buffer compiler on /build/external/aasdk/protobuf/aap_protobuf/service/media/sink/MediaSinkService.proto
[ 18%] Generating .rcc/qmlcache/crankshaft-ui_qml/components/AppButton_qml.cpp, .rcc/qmlcache/crankshaft-ui_qml/components/AppButton_qml.cpp.aotstats
[ 18%] Running cpp protocol buffer compiler on /build/external/aasdk/protobuf/aap_protobuf/service/media/sink/message/AudioStreamType.proto
[ 18%] Running cpp protocol buffer compiler on /build/external/aasdk/protobuf/aap_protobuf/service/media/sink/message/AudioUnderflowNotification.proto
[ 18%] Running cpp protocol buffer compiler on /build/external/aasdk/protobuf/aap_protobuf/service/media/sink/message/DisplayType.proto
[ 18%] Running cpp protocol buffer compiler on /build/external/aasdk/protobuf/aap_protobuf/service/media/sink/message/KeyBindingRequest.proto
[ 18%] Running cpp protocol buffer compiler on /build/external/aasdk/protobuf/aap_protobuf/service/media/sink/message/KeyBindingResponse.proto
aap_protobuf/service/media/sink/message/KeyBindingResponse.proto:3:1: warning: Import aap_protobuf/shared/MessageStatus.proto is unused.
[ 18%] Generating .rcc/qmlcache/crankshaft-ui_qml/components/Card_qml.cpp, .rcc/qmlcache/crankshaft-ui_qml/components/Card_qml.cpp.aotstats
[ 18%] Running cpp protocol buffer compiler on /build/external/aasdk/protobuf/aap_protobuf/service/media/sink/message/KeyCode.proto
[ 19%] Running cpp protocol buffer compiler on /build/external/aasdk/protobuf/aap_protobuf/service/media/sink/message/VideoCodecResolutionType.proto
[ 19%] Running cpp protocol buffer compiler on /build/external/aasdk/protobuf/aap_protobuf/service/media/sink/message/VideoConfiguration.proto
[ 19%] Running cpp protocol buffer compiler on /build/external/aasdk/protobuf/aap_protobuf/service/media/sink/message/VideoFrameRateType.proto
[ 19%] Running cpp protocol buffer compiler on /build/external/aasdk/protobuf/aap_protobuf/service/media/source/MediaSourceService.proto
[ 19%] Running cpp protocol buffer compiler on /build/external/aasdk/protobuf/aap_protobuf/service/media/source/message/Ack.proto
[ 19%] Generating .rcc/qmlcache/crankshaft-ui_qml/components/Icon_qml.cpp, .rcc/qmlcache/crankshaft-ui_qml/components/Icon_qml.cpp.aotstats
[ 19%] Running cpp protocol buffer compiler on /build/external/aasdk/protobuf/aap_protobuf/service/media/source/message/MicrophoneRequest.proto
[ 19%] Running cpp protocol buffer compiler on /build/external/aasdk/protobuf/aap_protobuf/service/media/source/message/MicrophoneResponse.proto
[ 19%] Running cpp protocol buffer compiler on /build/external/aasdk/protobuf/aap_protobuf/service/media/video/message/VideoFocusMode.proto
[ 20%] Running cpp protocol buffer compiler on /build/external/aasdk/protobuf/aap_protobuf/service/media/video/message/VideoFocusNotification.proto
[ 20%] Running cpp protocol buffer compiler on /build/external/aasdk/protobuf/aap_protobuf/service/media/video/message/VideoFocusReason.proto
[ 20%] Generating .rcc/qmlcache/crankshaft-ui_qml/components/MaterialDesignIcons_js.cpp
[ 20%] Running cpp protocol buffer compiler on /build/external/aasdk/protobuf/aap_protobuf/service/media/video/message/VideoFocusRequestNotification.proto
[ 20%] Running cpp protocol buffer compiler on /build/external/aasdk/protobuf/aap_protobuf/service/mediabrowser/MediaBrowserMessageId.proto
[ 20%] Running cpp protocol buffer compiler on /build/external/aasdk/protobuf/aap_protobuf/service/mediabrowser/MediaBrowserService.proto
[ 20%] Running cpp protocol buffer compiler on /build/external/aasdk/protobuf/aap_protobuf/service/mediabrowser/message/MediaBrowserInput.proto
[ 20%] Running cpp protocol buffer compiler on /build/external/aasdk/protobuf/aap_protobuf/service/mediabrowser/message/MediaGetNode.proto
[ 20%] Generating .rcc/qmlcache/crankshaft-ui_qml/models/SettingsModel_qml.cpp, .rcc/qmlcache/crankshaft-ui_qml/models/SettingsModel_qml.cpp.aotstats
[ 20%] Running cpp protocol buffer compiler on /build/external/aasdk/protobuf/aap_protobuf/service/mediabrowser/message/MediaList.proto
[ 21%] Running cpp protocol buffer compiler on /build/external/aasdk/protobuf/aap_protobuf/service/mediabrowser/message/MediaListNode.proto
[ 21%] Running cpp protocol buffer compiler on /build/external/aasdk/protobuf/aap_protobuf/service/mediabrowser/message/MediaRootNode.proto
[ 21%] Running cpp protocol buffer compiler on /build/external/aasdk/protobuf/aap_protobuf/service/mediabrowser/message/MediaSong.proto
[ 21%] Running cpp protocol buffer compiler on /build/external/aasdk/protobuf/aap_protobuf/service/mediabrowser/message/MediaSongNode.proto
[ 21%] Running cpp protocol buffer compiler on /build/external/aasdk/protobuf/aap_protobuf/service/mediabrowser/message/MediaSource.proto
[ 21%] Building CXX object _deps/catch2-build/src/CMakeFiles/Catch2.dir/catch2/generators/catch_generator_exception.cpp.o
[ 21%] Running cpp protocol buffer compiler on /build/external/aasdk/protobuf/aap_protobuf/service/mediabrowser/message/MediaSourceNode.proto
[ 21%] Running cpp protocol buffer compiler on /build/external/aasdk/protobuf/aap_protobuf/service/mediaplayback/MediaPlaybackStatusMessageId.proto
[ 21%] Running cpp protocol buffer compiler on /build/external/aasdk/protobuf/aap_protobuf/service/mediaplayback/MediaPlaybackStatusService.proto
[ 22%] Running cpp protocol buffer compiler on /build/external/aasdk/protobuf/aap_protobuf/service/mediaplayback/message/MediaPlaybackMetadata.proto
[ 22%] Generating .rcc/qmlcache/crankshaft-ui_qml/models/Strings_qml.cpp, .rcc/qmlcache/crankshaft-ui_qml/models/Strings_qml.cpp.aotstats
[ 22%] Running cpp protocol buffer compiler on /build/external/aasdk/protobuf/aap_protobuf/service/mediaplayback/message/MediaPlaybackStatus.proto
[ 22%] Running cpp protocol buffer compiler on /build/external/aasdk/protobuf/aap_protobuf/service/navigationstatus/NavigationStatusMessageId.proto
[ 22%] Running cpp protocol buffer compiler on /build/external/aasdk/protobuf/aap_protobuf/service/navigationstatus/NavigationStatusService.proto
[ 22%] Running cpp protocol buffer compiler on /build/external/aasdk/protobuf/aap_protobuf/service/navigationstatus/message/NavigationCue.proto
[ 22%] Generating .rcc/qmlcache/crankshaft-ui_qml/screens/AndroidAutoScreen_qml.cpp, .rcc/qmlcache/crankshaft-ui_qml/screens/AndroidAutoScreen_qml.cpp.aotstats
[ 22%] Running cpp protocol buffer compiler on /build/external/aasdk/protobuf/aap_protobuf/service/navigationstatus/message/NavigationCurrentPosition.proto
[ 22%] Running cpp protocol buffer compiler on /build/external/aasdk/protobuf/aap_protobuf/service/navigationstatus/message/NavigationDestination.proto
[ 22%] Building CXX object _deps/catch2-build/src/CMakeFiles/Catch2.dir/catch2/generators/catch_generators.cpp.o
[ 22%] Running cpp protocol buffer compiler on /build/external/aasdk/protobuf/aap_protobuf/service/navigationstatus/message/NavigationDestinationDistance.proto
[ 23%] Running cpp protocol buffer compiler on /build/external/aasdk/protobuf/aap_protobuf/service/navigationstatus/message/NavigationDistance.proto
[ 23%] Running cpp protocol buffer compiler on /build/external/aasdk/protobuf/aap_protobuf/service/navigationstatus/message/NavigationLane.proto
[ 23%] Running cpp protocol buffer compiler on /build/external/aasdk/protobuf/aap_protobuf/service/navigationstatus/message/NavigationManeuver.proto
[ 23%] Generating .rcc/qmlcache/crankshaft-ui_qml/screens/BluetoothSettingsPage_qml.cpp, .rcc/qmlcache/crankshaft-ui_qml/screens/BluetoothSettingsPage_qml.cpp.aotstats
[ 23%] Running cpp protocol buffer compiler on /build/external/aasdk/protobuf/aap_protobuf/service/navigationstatus/message/NavigationNextTurnDistanceEvent.proto
[ 23%] Running cpp protocol buffer compiler on /build/external/aasdk/protobuf/aap_protobuf/service/navigationstatus/message/NavigationNextTurnEvent.proto
[ 23%] Running cpp protocol buffer compiler on /build/external/aasdk/protobuf/aap_protobuf/service/navigationstatus/message/NavigationRoad.proto
[ 23%] Running cpp protocol buffer compiler on /build/external/aasdk/protobuf/aap_protobuf/service/navigationstatus/message/NavigationState.proto
[ 23%] Running cpp protocol buffer compiler on /build/external/aasdk/protobuf/aap_protobuf/service/navigationstatus/message/NavigationStatus.proto
[ 24%] Running cpp protocol buffer compiler on /build/external/aasdk/protobuf/aap_protobuf/service/navigationstatus/message/NavigationStatusStart.proto
[ 24%] Running cpp protocol buffer compiler on /build/external/aasdk/protobuf/aap_protobuf/service/navigationstatus/message/NavigationStatusStop.proto
[ 24%] Running cpp protocol buffer compiler on /build/external/aasdk/protobuf/aap_protobuf/service/navigationstatus/message/NavigationStep.proto
[ 24%] Generating .rcc/qmlcache/crankshaft-ui_qml/screens/HomeScreen_qml.cpp, .rcc/qmlcache/crankshaft-ui_qml/screens/HomeScreen_qml.cpp.aotstats
[ 24%] Running cpp protocol buffer compiler on /build/external/aasdk/protobuf/aap_protobuf/service/navigationstatus/message/NavigationStepDistance.proto
[ 24%] Generating .rcc/qmlcache/crankshaft-ui_qml/screens/Main_qml.cpp, .rcc/qmlcache/crankshaft-ui_qml/screens/Main_qml.cpp.aotstats
[ 24%] Running cpp protocol buffer compiler on /build/external/aasdk/protobuf/aap_protobuf/service/phonestatus/PhoneStatusMessageId.proto
[ 24%] Running cpp protocol buffer compiler on /build/external/aasdk/protobuf/aap_protobuf/service/phonestatus/PhoneStatusService.proto
[ 24%] Running cpp protocol buffer compiler on /build/external/aasdk/protobuf/aap_protobuf/service/phonestatus/message/PhoneStatus.proto
[ 25%] Running cpp protocol buffer compiler on /build/external/aasdk/protobuf/aap_protobuf/service/phonestatus/message/PhoneStatusInput.proto
[ 25%] Running cpp protocol buffer compiler on /build/external/aasdk/protobuf/aap_protobuf/service/radio/RadioMessageId.proto
[ 25%] Running cpp protocol buffer compiler on /build/external/aasdk/protobuf/aap_protobuf/service/radio/RadioService.proto
[ 25%] Running cpp protocol buffer compiler on /build/external/aasdk/protobuf/aap_protobuf/service/radio/message/ActiveRadioNotification.proto
[ 25%] Running cpp protocol buffer compiler on /build/external/aasdk/protobuf/aap_protobuf/service/radio/message/CancelRadioOperationsRequest.proto
[ 26%] Building CXX object _deps/catch2-build/src/CMakeFiles/Catch2.dir/catch2/generators/catch_generators_random.cpp.o
[ 26%] Running cpp protocol buffer compiler on /build/external/aasdk/protobuf/aap_protobuf/service/radio/message/CancelRadioOperationsResponse.proto
[ 26%] Running cpp protocol buffer compiler on /build/external/aasdk/protobuf/aap_protobuf/service/radio/message/ConfigureChannelSpacingRequest.proto
[ 26%] Running cpp protocol buffer compiler on /build/external/aasdk/protobuf/aap_protobuf/service/radio/message/ConfigureChannelSpacingResponse.proto
[ 26%] Generating .rcc/qmlcache/crankshaft-ui_qml/screens/ProfilesPage_qml.cpp, .rcc/qmlcache/crankshaft-ui_qml/screens/ProfilesPage_qml.cpp.aotstats
[ 27%] Running cpp protocol buffer compiler on /build/external/aasdk/protobuf/aap_protobuf/service/radio/message/GetProgramListRequest.proto
[ 27%] Running cpp protocol buffer compiler on /build/external/aasdk/protobuf/aap_protobuf/service/radio/message/GetProgramListResponse.proto
[ 27%] Running cpp protocol buffer compiler on /build/external/aasdk/protobuf/aap_protobuf/service/radio/message/GetTrafficUpdateRequest.proto
[ 27%] Running cpp protocol buffer compiler on /build/external/aasdk/protobuf/aap_protobuf/service/radio/message/GetTrafficUpdateResponse.proto
[ 27%] Running cpp protocol buffer compiler on /build/external/aasdk/protobuf/aap_protobuf/service/radio/message/HdAcquisionState.proto
[ 27%] Running cpp protocol buffer compiler on /build/external/aasdk/protobuf/aap_protobuf/service/radio/message/HdRadioArtistExperience.proto
[ 27%] Running cpp protocol buffer compiler on /build/external/aasdk/protobuf/aap_protobuf/service/radio/message/HdRadioComment.proto
[ 28%] Generating .rcc/qmlcache/crankshaft-ui_qml/screens/SettingsScreen_qml.cpp, .rcc/qmlcache/crankshaft-ui_qml/screens/SettingsScreen_qml.cpp.aotstats
[ 28%] Running cpp protocol buffer compiler on /build/external/aasdk/protobuf/aap_protobuf/service/radio/message/HdRadioCommercial.proto
[ 29%] Running cpp protocol buffer compiler on /build/external/aasdk/protobuf/aap_protobuf/service/radio/message/HdRadioPsdData.proto
[ 29%] Running cpp protocol buffer compiler on /build/external/aasdk/protobuf/aap_protobuf/service/radio/message/HdRadioSisData.proto
[ 29%] Running cpp protocol buffer compiler on /build/external/aasdk/protobuf/aap_protobuf/service/radio/message/HdRadioStationInfo.proto
[ 29%] Running cpp protocol buffer compiler on /build/external/aasdk/protobuf/aap_protobuf/service/radio/message/ItuRegion.proto
[ 29%] Running cpp protocol buffer compiler on /build/external/aasdk/protobuf/aap_protobuf/service/radio/message/Location.proto
[ 29%] Running cpp protocol buffer compiler on /build/external/aasdk/protobuf/aap_protobuf/service/radio/message/MuteRadioRequest.proto
[ 29%] Running cpp protocol buffer compiler on /build/external/aasdk/protobuf/aap_protobuf/service/radio/message/MuteRadioResponse.proto
[ 29%] Running cpp protocol buffer compiler on /build/external/aasdk/protobuf/aap_protobuf/service/radio/message/RadioProperties.proto
[ 30%] Running cpp protocol buffer compiler on /build/external/aasdk/protobuf/aap_protobuf/service/radio/message/RadioSourceRequest.proto
[ 30%] Running cpp protocol buffer compiler on /build/external/aasdk/protobuf/aap_protobuf/service/radio/message/RadioSourceResponse.proto
[ 30%] Generating .rcc/qmlcache/crankshaft-ui_qml/screens/ToolsPage_qml.cpp, .rcc/qmlcache/crankshaft-ui_qml/screens/ToolsPage_qml.cpp.aotstats
[ 30%] Running cpp protocol buffer compiler on /build/external/aasdk/protobuf/aap_protobuf/service/radio/message/RadioStateNotification.proto
[ 30%] Running cpp protocol buffer compiler on /build/external/aasdk/protobuf/aap_protobuf/service/radio/message/RadioStationInfo.proto
[ 30%] Running cpp protocol buffer compiler on /build/external/aasdk/protobuf/aap_protobuf/service/radio/message/RadioStationInfoNotification.proto
[ 30%] Running cpp protocol buffer compiler on /build/external/aasdk/protobuf/aap_protobuf/service/radio/message/RadioStationMetaData.proto
[ 30%] Running cpp protocol buffer compiler on /build/external/aasdk/protobuf/aap_protobuf/service/radio/message/RadioType.proto
[ 30%] Generating .rcc/qmlcache/crankshaft-ui_qml/screens/WiFiSettingsPage_qml.cpp, .rcc/qmlcache/crankshaft-ui_qml/screens/WiFiSettingsPage_qml.cpp.aotstats
[ 30%] Running cpp protocol buffer compiler on /build/external/aasdk/protobuf/aap_protobuf/service/radio/message/Range.proto
[ 31%] Running cpp protocol buffer compiler on /build/external/aasdk/protobuf/aap_protobuf/service/radio/message/RdsData.proto
[ 31%] Running cpp protocol buffer compiler on /build/external/aasdk/protobuf/aap_protobuf/service/radio/message/RdsType.proto
[ 31%] Running cpp protocol buffer compiler on /build/external/aasdk/protobuf/aap_protobuf/service/radio/message/ScanStationsRequest.proto
[ 31%] Running cpp protocol buffer compiler on /build/external/aasdk/protobuf/aap_protobuf/service/radio/message/ScanStationsResponse.proto
[ 31%] Running cpp protocol buffer compiler on /build/external/aasdk/protobuf/aap_protobuf/service/radio/message/SeekStationRequest.proto
[ 31%] Running cpp protocol buffer compiler on /build/external/aasdk/protobuf/aap_protobuf/service/radio/message/SeekStationResponse.proto
[ 31%] Running cpp protocol buffer compiler on /build/external/aasdk/protobuf/aap_protobuf/service/radio/message/SelectActiveRadioRequest.proto
[ 31%] Running cpp protocol buffer compiler on /build/external/aasdk/protobuf/aap_protobuf/service/radio/message/StationPreset.proto
[ 32%] Running cpp protocol buffer compiler on /build/external/aasdk/protobuf/aap_protobuf/service/radio/message/StationPresetList.proto
[ 32%] Running cpp protocol buffer compiler on /build/external/aasdk/protobuf/aap_protobuf/service/radio/message/StationPresetsNotification.proto
[ 32%] Running cpp protocol buffer compiler on /build/external/aasdk/protobuf/aap_protobuf/service/radio/message/StepChannelRequest.proto
[ 32%] Running cpp protocol buffer compiler on /build/external/aasdk/protobuf/aap_protobuf/service/radio/message/StepChannelResponse.proto
[ 32%] Building CXX object _deps/catch2-build/src/CMakeFiles/Catch2.dir/catch2/reporters/catch_reporter_automake.cpp.o
[ 32%] Running cpp protocol buffer compiler on /build/external/aasdk/protobuf/aap_protobuf/service/radio/message/TrafficIncident.proto
[ 32%] Running cpp protocol buffer compiler on /build/external/aasdk/protobuf/aap_protobuf/service/radio/message/TrafficServiceType.proto
[ 32%] Building CXX object ui/CMakeFiles/crankshaft-ui.dir/crankshaft-ui_autogen/mocs_compilation.cpp.o
[ 32%] Running cpp protocol buffer compiler on /build/external/aasdk/protobuf/aap_protobuf/service/radio/message/TuneToStationRequest.proto
[ 33%] Running cpp protocol buffer compiler on /build/external/aasdk/protobuf/aap_protobuf/service/radio/message/TuneToStationResponse.proto
[ 33%] Running cpp protocol buffer compiler on /build/external/aasdk/protobuf/aap_protobuf/service/sensorsource/SensorMessageId.proto
[ 33%] Running cpp protocol buffer compiler on /build/external/aasdk/protobuf/aap_protobuf/service/sensorsource/SensorSourceService.proto
[ 33%] Running cpp protocol buffer compiler on /build/external/aasdk/protobuf/aap_protobuf/service/sensorsource/message/AccelerometerData.proto
[ 33%] Running cpp protocol buffer compiler on /build/external/aasdk/protobuf/aap_protobuf/service/sensorsource/message/CompassData.proto
[ 33%] Running cpp protocol buffer compiler on /build/external/aasdk/protobuf/aap_protobuf/service/sensorsource/message/DeadReckoningData.proto
[ 33%] Running cpp protocol buffer compiler on /build/external/aasdk/protobuf/aap_protobuf/service/sensorsource/message/DiagnosticsData.proto
[ 33%] Running cpp protocol buffer compiler on /build/external/aasdk/protobuf/aap_protobuf/service/sensorsource/message/DoorData.proto
[ 34%] Running cpp protocol buffer compiler on /build/external/aasdk/protobuf/aap_protobuf/service/sensorsource/message/DrivingStatus.proto
[ 34%] Running cpp protocol buffer compiler on /build/external/aasdk/protobuf/aap_protobuf/service/sensorsource/message/DrivingStatusData.proto
[ 34%] Running cpp protocol buffer compiler on /build/external/aasdk/protobuf/aap_protobuf/service/sensorsource/message/EnvironmentData.proto
[ 34%] Running cpp protocol buffer compiler on /build/external/aasdk/protobuf/aap_protobuf/service/sensorsource/message/EvConnectorType.proto
[ 34%] Running cpp protocol buffer compiler on /build/external/aasdk/protobuf/aap_protobuf/service/sensorsource/message/FuelData.proto
[ 34%] Running cpp protocol buffer compiler on /build/external/aasdk/protobuf/aap_protobuf/service/sensorsource/message/FuelType.proto
[ 34%] Running cpp protocol buffer compiler on /build/external/aasdk/protobuf/aap_protobuf/service/sensorsource/message/Gear.proto
[ 34%] Running cpp protocol buffer compiler on /build/external/aasdk/protobuf/aap_protobuf/service/sensorsource/message/GearData.proto
[ 35%] Running cpp protocol buffer compiler on /build/external/aasdk/protobuf/aap_protobuf/service/sensorsource/message/GpsSatellite.proto
[ 35%] Running cpp protocol buffer compiler on /build/external/aasdk/protobuf/aap_protobuf/service/sensorsource/message/GyroscopeData.proto
[ 35%] Running cpp protocol buffer compiler on /build/external/aasdk/protobuf/aap_protobuf/service/sensorsource/message/HeadLightState.proto
[ 35%] Running cpp protocol buffer compiler on /build/external/aasdk/protobuf/aap_protobuf/service/sensorsource/message/HvacData.proto
[ 35%] Running cpp protocol buffer compiler on /build/external/aasdk/protobuf/aap_protobuf/service/sensorsource/message/LightData.proto
[ 35%] Running cpp protocol buffer compiler on /build/external/aasdk/protobuf/aap_protobuf/service/sensorsource/message/LocationData.proto
[ 35%] Running cpp protocol buffer compiler on /build/external/aasdk/protobuf/aap_protobuf/service/sensorsource/message/NightModeData.proto
[ 36%] Running cpp protocol buffer compiler on /build/external/aasdk/protobuf/aap_protobuf/service/sensorsource/message/OdometerData.proto
[ 36%] Running cpp protocol buffer compiler on /build/external/aasdk/protobuf/aap_protobuf/service/sensorsource/message/ParkingBrakeData.proto
[ 36%] Building CXX object ui/CMakeFiles/crankshaft-ui.dir/main.cpp.o
[ 36%] Running cpp protocol buffer compiler on /build/external/aasdk/protobuf/aap_protobuf/service/sensorsource/message/PassengerData.proto
[ 36%] Running cpp protocol buffer compiler on /build/external/aasdk/protobuf/aap_protobuf/service/sensorsource/message/RpmData.proto
[ 36%] Running cpp protocol buffer compiler on /build/external/aasdk/protobuf/aap_protobuf/service/sensorsource/message/Sensor.proto
[ 36%] Running cpp protocol buffer compiler on /build/external/aasdk/protobuf/aap_protobuf/service/sensorsource/message/SensorBatch.proto
[ 36%] Running cpp protocol buffer compiler on /build/external/aasdk/protobuf/aap_protobuf/service/sensorsource/message/SensorError.proto
[ 36%] Running cpp protocol buffer compiler on /build/external/aasdk/protobuf/aap_protobuf/service/sensorsource/message/SensorErrorType.proto
[ 36%] Running cpp protocol buffer compiler on /build/external/aasdk/protobuf/aap_protobuf/service/sensorsource/message/SensorRequest.proto
[ 37%] Running cpp protocol buffer compiler on /build/external/aasdk/protobuf/aap_protobuf/service/sensorsource/message/SensorResponse.proto
[ 37%] Running cpp protocol buffer compiler on /build/external/aasdk/protobuf/aap_protobuf/service/sensorsource/message/SensorStartResponseMessage.proto
[ 37%] Running cpp protocol buffer compiler on /build/external/aasdk/protobuf/aap_protobuf/service/sensorsource/message/SensorType.proto
[ 37%] Running cpp protocol buffer compiler on /build/external/aasdk/protobuf/aap_protobuf/service/sensorsource/message/SpeedData.proto
[ 37%] Running cpp protocol buffer compiler on /build/external/aasdk/protobuf/aap_protobuf/service/sensorsource/message/TirePressureData.proto
[ 37%] Running cpp protocol buffer compiler on /build/external/aasdk/protobuf/aap_protobuf/service/sensorsource/message/TollCardData.proto
[ 37%] Running cpp protocol buffer compiler on /build/external/aasdk/protobuf/aap_protobuf/service/sensorsource/message/TurnIndicatorState.proto
[ 37%] Running cpp protocol buffer compiler on /build/external/aasdk/protobuf/aap_protobuf/service/vendorextension/VendorExtensionService.proto
[ 38%] Running cpp protocol buffer compiler on /build/external/aasdk/protobuf/aap_protobuf/service/wifiprojection/WifiProjectionMessageId.proto
[ 38%] Running cpp protocol buffer compiler on /build/external/aasdk/protobuf/aap_protobuf/service/wifiprojection/WifiProjectionService.proto
[ 38%] Running cpp protocol buffer compiler on /build/external/aasdk/protobuf/aap_protobuf/service/wifiprojection/message/AccessPointType.proto
[ 38%] Running cpp protocol buffer compiler on /build/external/aasdk/protobuf/aap_protobuf/service/wifiprojection/message/WifiCredentialsRequest.proto
[ 38%] Running cpp protocol buffer compiler on /build/external/aasdk/protobuf/aap_protobuf/service/wifiprojection/message/WifiCredentialsResponse.proto
[ 38%] Running cpp protocol buffer compiler on /build/external/aasdk/protobuf/aap_protobuf/service/wifiprojection/message/WifiSecurityMode.proto
[ 38%] Running cpp protocol buffer compiler on /build/external/aasdk/protobuf/aap_protobuf/shared/InstrumentClusterInput.proto
[ 38%] Running cpp protocol buffer compiler on /build/external/aasdk/protobuf/aap_protobuf/shared/MessageStatus.proto
[ 38%] Building CXX object _deps/catch2-build/src/CMakeFiles/Catch2.dir/catch2/reporters/catch_reporter_common_base.cpp.o
[ 38%] Building CXX object _deps/catch2-build/src/CMakeFiles/Catch2.dir/catch2/reporters/catch_reporter_compact.cpp.o
[ 38%] Building CXX object ui/CMakeFiles/crankshaft-ui.dir/WebSocketClient.cpp.o
[ 38%] Building CXX object core/aasdk/protobuf/CMakeFiles/aap_protobuf.dir/aap_protobuf/aaw/MessageId.pb.cc.o
[ 38%] Building CXX object _deps/catch2-build/src/CMakeFiles/Catch2.dir/catch2/reporters/catch_reporter_console.cpp.o
[ 38%] Building CXX object _deps/catch2-build/src/CMakeFiles/Catch2.dir/catch2/reporters/catch_reporter_cumulative_base.cpp.o
[ 38%] Building CXX object core/aasdk/protobuf/CMakeFiles/aap_protobuf.dir/aap_protobuf/aaw/Status.pb.cc.o
[ 38%] Building CXX object _deps/catch2-build/src/CMakeFiles/Catch2.dir/catch2/reporters/catch_reporter_event_listener.cpp.o
[ 38%] Building CXX object core/aasdk/protobuf/CMakeFiles/aap_protobuf.dir/aap_protobuf/aaw/WifiConnectionStatus.pb.cc.o
[ 38%] Building CXX object core/aasdk/protobuf/CMakeFiles/aap_protobuf.dir/aap_protobuf/aaw/WifiInfoRequest.pb.cc.o
[ 38%] Building CXX object _deps/catch2-build/src/CMakeFiles/Catch2.dir/catch2/reporters/catch_reporter_helpers.cpp.o
[ 39%] Building CXX object ui/CMakeFiles/crankshaft-ui.dir/SettingsRegistry.cpp.o
[ 40%] Building CXX object _deps/catch2-build/src/CMakeFiles/Catch2.dir/catch2/reporters/catch_reporter_json.cpp.o
[ 40%] Building CXX object core/aasdk/protobuf/CMakeFiles/aap_protobuf.dir/aap_protobuf/aaw/WifiInfoResponse.pb.cc.o
[ 40%] Building CXX object core/aasdk/protobuf/CMakeFiles/aap_protobuf.dir/aap_protobuf/aaw/WifiStartRequest.pb.cc.o
[ 40%] Building CXX object _deps/catch2-build/src/CMakeFiles/Catch2.dir/catch2/reporters/catch_reporter_junit.cpp.o
[ 41%] Building CXX object core/aasdk/protobuf/CMakeFiles/aap_protobuf.dir/aap_protobuf/aaw/WifiStartResponse.pb.cc.o
[ 41%] Building CXX object _deps/catch2-build/src/CMakeFiles/Catch2.dir/catch2/reporters/catch_reporter_multi.cpp.o
[ 41%] Building CXX object core/aasdk/protobuf/CMakeFiles/aap_protobuf.dir/aap_protobuf/aaw/WifiVersionRequest.pb.cc.o
[ 41%] Building CXX object _deps/catch2-build/src/CMakeFiles/Catch2.dir/catch2/reporters/catch_reporter_registrars.cpp.o
[ 41%] Building CXX object ui/CMakeFiles/crankshaft-ui.dir/crankshaft-ui_qmltyperegistrations.cpp.o
[ 41%] Building CXX object core/aasdk/protobuf/CMakeFiles/aap_protobuf.dir/aap_protobuf/aaw/WifiVersionResponse.pb.cc.o
[ 41%] Building CXX object _deps/catch2-build/src/CMakeFiles/Catch2.dir/catch2/reporters/catch_reporter_sonarqube.cpp.o
[ 41%] Building CXX object _deps/catch2-build/src/CMakeFiles/Catch2.dir/catch2/reporters/catch_reporter_streaming_base.cpp.o
[ 41%] Building CXX object core/aasdk/protobuf/CMakeFiles/aap_protobuf.dir/aap_protobuf/channel/control/GalConstants.pb.cc.o
[ 41%] Building CXX object ui/CMakeFiles/crankshaft-ui.dir/.rcc/qmlcache/crankshaft-ui_qmlcache_loader.cpp.o
[ 41%] Building CXX object _deps/catch2-build/src/CMakeFiles/Catch2.dir/catch2/reporters/catch_reporter_tap.cpp.o
[ 41%] Building CXX object _deps/catch2-build/src/CMakeFiles/Catch2.dir/catch2/reporters/catch_reporter_teamcity.cpp.o
[ 41%] Building CXX object core/aasdk/protobuf/CMakeFiles/aap_protobuf.dir/aap_protobuf/channel/control/GalVerificationAudioFocus.pb.cc.o
[ 41%] Building CXX object core/aasdk/protobuf/CMakeFiles/aap_protobuf.dir/aap_protobuf/channel/control/GalVerificationBugReportRequest.pb.cc.o
[ 41%] Building CXX object core/aasdk/protobuf/CMakeFiles/aap_protobuf.dir/aap_protobuf/channel/control/GalVerificationBugReportResponse.pb.cc.o
[ 42%] Building CXX object _deps/catch2-build/src/CMakeFiles/Catch2.dir/catch2/reporters/catch_reporter_xml.cpp.o
[ 42%] Building CXX object ui/CMakeFiles/crankshaft-ui.dir/.rcc/qmlcache/crankshaft-ui_qml/screens/Main_qml.cpp.o
[ 42%] Building CXX object _deps/catch2-build/src/CMakeFiles/Catch2.dir/catch2/interfaces/catch_interfaces_capture.cpp.o
[ 42%] Building CXX object core/aasdk/protobuf/CMakeFiles/aap_protobuf.dir/aap_protobuf/channel/control/GalVerificationDisplayInformationRequest.pb.cc.o
[ 43%] Building CXX object core/aasdk/protobuf/CMakeFiles/aap_protobuf.dir/aap_protobuf/channel/control/GalVerificationDisplayInformationResponse.pb.cc.o
[ 43%] Building CXX object ui/CMakeFiles/crankshaft-ui.dir/.rcc/qmlcache/crankshaft-ui_qml/screens/HomeScreen_qml.cpp.o
[ 43%] Building CXX object _deps/catch2-build/src/CMakeFiles/Catch2.dir/catch2/interfaces/catch_interfaces_config.cpp.o
[ 43%] Building CXX object core/aasdk/protobuf/CMakeFiles/aap_protobuf.dir/aap_protobuf/channel/control/GalVerificationInjectInput.pb.cc.o
[ 43%] Building CXX object _deps/catch2-build/src/CMakeFiles/Catch2.dir/catch2/interfaces/catch_interfaces_exception.cpp.o
[ 43%] Building CXX object core/aasdk/protobuf/CMakeFiles/aap_protobuf.dir/aap_protobuf/channel/control/GalVerificationMediaSinkStatus.pb.cc.o
[ 43%] Building CXX object _deps/catch2-build/src/CMakeFiles/Catch2.dir/catch2/interfaces/catch_interfaces_generatortracker.cpp.o
[ 43%] Building CXX object _deps/catch2-build/src/CMakeFiles/Catch2.dir/catch2/interfaces/catch_interfaces_registry_hub.cpp.o
[ 43%] Building CXX object _deps/catch2-build/src/CMakeFiles/Catch2.dir/catch2/interfaces/catch_interfaces_reporter.cpp.o
[ 43%] Building CXX object _deps/catch2-build/src/CMakeFiles/Catch2.dir/catch2/interfaces/catch_interfaces_reporter_factory.cpp.o
[ 43%] Building CXX object core/aasdk/protobuf/CMakeFiles/aap_protobuf.dir/aap_protobuf/channel/control/GalVerificationScreenCaptureRequest.pb.cc.o
[ 43%] Building CXX object core/aasdk/protobuf/CMakeFiles/aap_protobuf.dir/aap_protobuf/channel/control/GalVerificationScreenCaptureResponse.pb.cc.o
[ 43%] Building CXX object ui/CMakeFiles/crankshaft-ui.dir/.rcc/qmlcache/crankshaft-ui_qml/screens/SettingsScreen_qml.cpp.o
[ 44%] Building CXX object _deps/catch2-build/src/CMakeFiles/Catch2.dir/catch2/interfaces/catch_interfaces_testcase.cpp.o
[ 44%] Building CXX object _deps/catch2-build/src/CMakeFiles/Catch2.dir/catch2/catch_approx.cpp.o
[ 44%] Building CXX object core/aasdk/protobuf/CMakeFiles/aap_protobuf.dir/aap_protobuf/channel/control/GalVerificationSetSensor.pb.cc.o
[ 44%] Building CXX object ui/CMakeFiles/crankshaft-ui.dir/.rcc/qmlcache/crankshaft-ui_qml/screens/AndroidAutoScreen_qml.cpp.o
[ 44%] Building CXX object _deps/catch2-build/src/CMakeFiles/Catch2.dir/catch2/catch_assertion_result.cpp.o
[ 44%] Building CXX object core/aasdk/protobuf/CMakeFiles/aap_protobuf.dir/aap_protobuf/channel/control/GalVerificationVendorExtensionMessageId.pb.cc.o
[ 44%] Building CXX object _deps/catch2-build/src/CMakeFiles/Catch2.dir/catch2/catch_config.cpp.o
[ 44%] Building CXX object core/aasdk/protobuf/CMakeFiles/aap_protobuf.dir/aap_protobuf/channel/control/GalVerificationVideoFocus.pb.cc.o
[ 44%] Building CXX object ui/CMakeFiles/crankshaft-ui.dir/.rcc/qmlcache/crankshaft-ui_qml/screens/ToolsPage_qml.cpp.o
[ 45%] Building CXX object core/aasdk/protobuf/CMakeFiles/aap_protobuf.dir/aap_protobuf/channel/control/GoogleDiagnosticsBugReportRequest.pb.cc.o
[ 45%] Building CXX object _deps/catch2-build/src/CMakeFiles/Catch2.dir/catch2/catch_get_random_seed.cpp.o
[ 46%] Building CXX object ui/CMakeFiles/crankshaft-ui.dir/.rcc/qmlcache/crankshaft-ui_qml/screens/ProfilesPage_qml.cpp.o
[ 46%] Building CXX object core/aasdk/protobuf/CMakeFiles/aap_protobuf.dir/aap_protobuf/channel/control/GoogleDiagnosticsBugReportResponse.pb.cc.o
[ 46%] Building CXX object _deps/catch2-build/src/CMakeFiles/Catch2.dir/catch2/catch_message.cpp.o
[ 46%] Building CXX object core/aasdk/protobuf/CMakeFiles/aap_protobuf.dir/aap_protobuf/channel/control/GoogleDiagnosticsVendorExtensionMessageId.pb.cc.o
[ 46%] Building CXX object _deps/catch2-build/src/CMakeFiles/Catch2.dir/catch2/catch_registry_hub.cpp.o
[ 46%] Building CXX object core/aasdk/protobuf/CMakeFiles/aap_protobuf.dir/aap_protobuf/channel/control/InstrumentClusterInput.pb.cc.o
[ 46%] Building CXX object core/aasdk/protobuf/CMakeFiles/aap_protobuf.dir/aap_protobuf/channel/control/LocationCharacterization.pb.cc.o
[ 46%] Building CXX object ui/CMakeFiles/crankshaft-ui.dir/.rcc/qmlcache/crankshaft-ui_qml/screens/WiFiSettingsPage_qml.cpp.o
[ 46%] Building CXX object _deps/catch2-build/src/CMakeFiles/Catch2.dir/catch2/catch_session.cpp.o
[ 46%] Building CXX object ui/CMakeFiles/crankshaft-ui.dir/.rcc/qmlcache/crankshaft-ui_qml/screens/BluetoothSettingsPage_qml.cpp.o
[ 46%] Building CXX object core/aasdk/protobuf/CMakeFiles/aap_protobuf.dir/aap_protobuf/channel/control/SessionConfiguration.pb.cc.o
[ 46%] Building CXX object core/aasdk/protobuf/CMakeFiles/aap_protobuf.dir/aap_protobuf/service/Service.pb.cc.o
[ 47%] Building CXX object _deps/catch2-build/src/CMakeFiles/Catch2.dir/catch2/catch_tag_alias_autoregistrar.cpp.o
[ 47%] Building CXX object core/aasdk/protobuf/CMakeFiles/aap_protobuf.dir/aap_protobuf/service/bluetooth/BluetoothMessageId.pb.cc.o
[ 48%] Building CXX object core/aasdk/protobuf/CMakeFiles/aap_protobuf.dir/aap_protobuf/service/bluetooth/BluetoothService.pb.cc.o
[ 48%] Building CXX object _deps/catch2-build/src/CMakeFiles/Catch2.dir/catch2/catch_test_case_info.cpp.o
[ 48%] Building CXX object ui/CMakeFiles/crankshaft-ui.dir/.rcc/qmlcache/crankshaft-ui_qml/models/SettingsModel_qml.cpp.o
[ 48%] Building CXX object _deps/catch2-build/src/CMakeFiles/Catch2.dir/catch2/catch_test_spec.cpp.o
[ 48%] Building CXX object ui/CMakeFiles/crankshaft-ui.dir/.rcc/qmlcache/crankshaft-ui_qml/models/Strings_qml.cpp.o
[ 48%] Building CXX object core/aasdk/protobuf/CMakeFiles/aap_protobuf.dir/aap_protobuf/service/bluetooth/message/BluetoothAuthenticationData.pb.cc.o
[ 48%] Building CXX object _deps/catch2-build/src/CMakeFiles/Catch2.dir/catch2/catch_timer.cpp.o
[ 48%] Building CXX object core/aasdk/protobuf/CMakeFiles/aap_protobuf.dir/aap_protobuf/service/bluetooth/message/BluetoothAuthenticationResult.pb.cc.o
[ 48%] Building CXX object _deps/catch2-build/src/CMakeFiles/Catch2.dir/catch2/catch_tostring.cpp.o
[ 48%] Building CXX object ui/CMakeFiles/crankshaft-ui.dir/.rcc/qmlcache/crankshaft-ui_qml/components/AppButton_qml.cpp.o
[ 48%] Building CXX object core/aasdk/protobuf/CMakeFiles/aap_protobuf.dir/aap_protobuf/service/bluetooth/message/BluetoothPairingMethod.pb.cc.o
[ 48%] Building CXX object ui/CMakeFiles/crankshaft-ui.dir/.rcc/qmlcache/crankshaft-ui_qml/components/Card_qml.cpp.o
[ 48%] Building CXX object _deps/catch2-build/src/CMakeFiles/Catch2.dir/catch2/catch_totals.cpp.o
[ 48%] Building CXX object core/aasdk/protobuf/CMakeFiles/aap_protobuf.dir/aap_protobuf/service/bluetooth/message/BluetoothPairingRequest.pb.cc.o
[ 48%] Building CXX object _deps/catch2-build/src/CMakeFiles/Catch2.dir/catch2/catch_translate_exception.cpp.o
[ 48%] Building CXX object _deps/catch2-build/src/CMakeFiles/Catch2.dir/catch2/catch_version.cpp.o
[ 49%] Building CXX object _deps/catch2-build/src/CMakeFiles/Catch2.dir/catch2/internal/catch_assertion_handler.cpp.o
[ 49%] Building CXX object core/aasdk/protobuf/CMakeFiles/aap_protobuf.dir/aap_protobuf/service/bluetooth/message/BluetoothPairingResponse.pb.cc.o
[ 49%] Building CXX object core/aasdk/protobuf/CMakeFiles/aap_protobuf.dir/aap_protobuf/service/control/ControlMessageType.pb.cc.o
[ 49%] Building CXX object _deps/catch2-build/src/CMakeFiles/Catch2.dir/catch2/internal/catch_case_insensitive_comparisons.cpp.o
[ 49%] Building CXX object ui/CMakeFiles/crankshaft-ui.dir/.rcc/qmlcache/crankshaft-ui_qml/components/Icon_qml.cpp.o
[ 50%] Building CXX object ui/CMakeFiles/crankshaft-ui.dir/.rcc/qmlcache/crankshaft-ui_qml/components/MaterialDesignIcons_js.cpp.o
[ 50%] Building CXX object _deps/catch2-build/src/CMakeFiles/Catch2.dir/catch2/internal/catch_clara.cpp.o
[ 50%] Building CXX object core/aasdk/protobuf/CMakeFiles/aap_protobuf.dir/aap_protobuf/service/control/message/AudioFocusNotification.pb.cc.o
[ 51%] Building CXX object core/aasdk/protobuf/CMakeFiles/aap_protobuf.dir/aap_protobuf/service/control/message/AudioFocusRequest.pb.cc.o
[ 51%] Building CXX object _deps/catch2-build/src/CMakeFiles/Catch2.dir/catch2/internal/catch_commandline.cpp.o
[ 51%] Building CXX object core/aasdk/protobuf/CMakeFiles/aap_protobuf.dir/aap_protobuf/service/control/message/AudioFocusRequestNotification.pb.cc.o
[ 51%] Building CXX object ui/CMakeFiles/crankshaft-ui.dir/.qt/rcc/qrc_crankshaft-ui_raw_qml_0.cpp.o
[ 51%] Building CXX object _deps/catch2-build/src/CMakeFiles/Catch2.dir/catch2/internal/catch_console_colour.cpp.o
[ 51%] Building CXX object core/aasdk/protobuf/CMakeFiles/aap_protobuf.dir/aap_protobuf/service/control/message/AudioFocusRequestType.pb.cc.o
[ 51%] Building CXX object ui/CMakeFiles/crankshaft-ui.dir/.qt/rcc/qrc_mdi-font.cpp.o
[ 51%] Building CXX object core/aasdk/protobuf/CMakeFiles/aap_protobuf.dir/aap_protobuf/service/control/message/AudioFocusStateType.pb.cc.o
[ 51%] Building CXX object ui/CMakeFiles/crankshaft-ui.dir/.qt/rcc/qrc_crankshaft-ui_translations.cpp.o
[ 51%] Building CXX object _deps/catch2-build/src/CMakeFiles/Catch2.dir/catch2/internal/catch_context.cpp.o
[ 51%] Building CXX object core/aasdk/protobuf/CMakeFiles/aap_protobuf.dir/aap_protobuf/service/control/message/AuthResponse.pb.cc.o
[ 51%] Building CXX object _deps/catch2-build/src/CMakeFiles/Catch2.dir/catch2/internal/catch_debug_console.cpp.o
[ 51%] Building CXX object core/aasdk/protobuf/CMakeFiles/aap_protobuf.dir/aap_protobuf/service/control/message/BatteryStatusNotification.pb.cc.o
[ 51%] Building CXX object core/aasdk/protobuf/CMakeFiles/aap_protobuf.dir/aap_protobuf/service/control/message/ByeByeReason.pb.cc.o
[ 52%] Building CXX object _deps/catch2-build/src/CMakeFiles/Catch2.dir/catch2/internal/catch_debugger.cpp.o
[ 52%] Building CXX object core/aasdk/protobuf/CMakeFiles/aap_protobuf.dir/aap_protobuf/service/control/message/ByeByeRequest.pb.cc.o
[ 52%] Linking CXX executable crankshaft-ui
[ 53%] Building CXX object core/aasdk/protobuf/CMakeFiles/aap_protobuf.dir/aap_protobuf/service/control/message/ByeByeResponse.pb.cc.o
[ 53%] Building CXX object _deps/catch2-build/src/CMakeFiles/Catch2.dir/catch2/internal/catch_decomposer.cpp.o
[ 53%] Built target crankshaft-ui
[ 53%] Building CXX object _deps/catch2-build/src/CMakeFiles/Catch2.dir/catch2/internal/catch_enforce.cpp.o
[ 53%] Building CXX object core/aasdk/protobuf/CMakeFiles/aap_protobuf.dir/aap_protobuf/service/control/message/CallAvailabilityStatus.pb.cc.o
[ 53%] Building CXX object _deps/catch2-build/src/CMakeFiles/Catch2.dir/catch2/internal/catch_enum_values_registry.cpp.o
[ 53%] Building CXX object _deps/catch2-build/src/CMakeFiles/Catch2.dir/catch2/internal/catch_errno_guard.cpp.o
[ 53%] Building CXX object core/aasdk/protobuf/CMakeFiles/aap_protobuf.dir/aap_protobuf/service/control/message/CarConnectedDevices.pb.cc.o
[ 53%] Building CXX object core/aasdk/protobuf/CMakeFiles/aap_protobuf.dir/aap_protobuf/service/control/message/CarConnectedDevicesRequest.pb.cc.o
[ 53%] Building CXX object _deps/catch2-build/src/CMakeFiles/Catch2.dir/catch2/internal/catch_exception_translator_registry.cpp.o
[ 53%] Building CXX object _deps/catch2-build/src/CMakeFiles/Catch2.dir/catch2/internal/catch_fatal_condition_handler.cpp.o
[ 53%] Building CXX object _deps/catch2-build/src/CMakeFiles/Catch2.dir/catch2/internal/catch_floating_point_helpers.cpp.o
[ 53%] Building CXX object core/aasdk/protobuf/CMakeFiles/aap_protobuf.dir/aap_protobuf/service/control/message/ChannelCloseNotification.pb.cc.o
[ 54%] Building CXX object _deps/catch2-build/src/CMakeFiles/Catch2.dir/catch2/internal/catch_getenv.cpp.o
[ 54%] Building CXX object core/aasdk/protobuf/CMakeFiles/aap_protobuf.dir/aap_protobuf/service/control/message/ChannelOpenRequest.pb.cc.o
[ 54%] Building CXX object _deps/catch2-build/src/CMakeFiles/Catch2.dir/catch2/internal/catch_istream.cpp.o
[ 54%] Building CXX object core/aasdk/protobuf/CMakeFiles/aap_protobuf.dir/aap_protobuf/service/control/message/ChannelOpenResponse.pb.cc.o
[ 54%] Building CXX object _deps/catch2-build/src/CMakeFiles/Catch2.dir/catch2/internal/catch_jsonwriter.cpp.o
[ 54%] Building CXX object _deps/catch2-build/src/CMakeFiles/Catch2.dir/catch2/internal/catch_lazy_expr.cpp.o
[ 54%] Building CXX object _deps/catch2-build/src/CMakeFiles/Catch2.dir/catch2/internal/catch_leak_detector.cpp.o
[ 54%] Building CXX object core/aasdk/protobuf/CMakeFiles/aap_protobuf.dir/aap_protobuf/service/control/message/ConnectedDevice.pb.cc.o
[ 55%] Building CXX object core/aasdk/protobuf/CMakeFiles/aap_protobuf.dir/aap_protobuf/service/control/message/ConnectionConfiguration.pb.cc.o
[ 55%] Building CXX object core/aasdk/protobuf/CMakeFiles/aap_protobuf.dir/aap_protobuf/service/control/message/DriverPosition.pb.cc.o
[ 55%] Building CXX object _deps/catch2-build/src/CMakeFiles/Catch2.dir/catch2/internal/catch_list.cpp.o
[ 55%] Building CXX object core/aasdk/protobuf/CMakeFiles/aap_protobuf.dir/aap_protobuf/service/control/message/FragInfo.pb.cc.o
[ 55%] Building CXX object _deps/catch2-build/src/CMakeFiles/Catch2.dir/catch2/internal/catch_message_info.cpp.o
[ 55%] Building CXX object _deps/catch2-build/src/CMakeFiles/Catch2.dir/catch2/internal/catch_output_redirect.cpp.o
[ 55%] Building CXX object core/aasdk/protobuf/CMakeFiles/aap_protobuf.dir/aap_protobuf/service/control/message/HeadUnitInfo.pb.cc.o
[ 55%] Building CXX object core/aasdk/protobuf/CMakeFiles/aap_protobuf.dir/aap_protobuf/service/control/message/NavFocusNotification.pb.cc.o
[ 56%] Building CXX object _deps/catch2-build/src/CMakeFiles/Catch2.dir/catch2/internal/catch_parse_numbers.cpp.o
[ 56%] Building CXX object core/aasdk/protobuf/CMakeFiles/aap_protobuf.dir/aap_protobuf/service/control/message/NavFocusRequestNotification.pb.cc.o
[ 56%] Building CXX object _deps/catch2-build/src/CMakeFiles/Catch2.dir/catch2/internal/catch_polyfills.cpp.o
[ 56%] Building CXX object _deps/catch2-build/src/CMakeFiles/Catch2.dir/catch2/internal/catch_random_number_generator.cpp.o
[ 56%] Building CXX object _deps/catch2-build/src/CMakeFiles/Catch2.dir/catch2/internal/catch_random_seed_generation.cpp.o
[ 56%] Building CXX object _deps/catch2-build/src/CMakeFiles/Catch2.dir/catch2/internal/catch_reporter_registry.cpp.o
[ 56%] Building CXX object _deps/catch2-build/src/CMakeFiles/Catch2.dir/catch2/internal/catch_reporter_spec_parser.cpp.o
[ 56%] Building CXX object core/aasdk/protobuf/CMakeFiles/aap_protobuf.dir/aap_protobuf/service/control/message/NavFocusType.pb.cc.o
[ 56%] Building CXX object _deps/catch2-build/src/CMakeFiles/Catch2.dir/catch2/internal/catch_reusable_string_stream.cpp.o
[ 57%] Building CXX object core/aasdk/protobuf/CMakeFiles/aap_protobuf.dir/aap_protobuf/service/control/message/PingConfiguration.pb.cc.o
[ 57%] Building CXX object _deps/catch2-build/src/CMakeFiles/Catch2.dir/catch2/internal/catch_run_context.cpp.o
[ 57%] Building CXX object core/aasdk/protobuf/CMakeFiles/aap_protobuf.dir/aap_protobuf/service/control/message/PingRequest.pb.cc.o
[ 57%] Building CXX object core/aasdk/protobuf/CMakeFiles/aap_protobuf.dir/aap_protobuf/service/control/message/PingResponse.pb.cc.o
[ 58%] Building CXX object _deps/catch2-build/src/CMakeFiles/Catch2.dir/catch2/internal/catch_section.cpp.o
[ 58%] Building CXX object _deps/catch2-build/src/CMakeFiles/Catch2.dir/catch2/internal/catch_singletons.cpp.o
[ 58%] Building CXX object core/aasdk/protobuf/CMakeFiles/aap_protobuf.dir/aap_protobuf/service/control/message/ServiceDiscoveryRequest.pb.cc.o
[ 58%] Building CXX object core/aasdk/protobuf/CMakeFiles/aap_protobuf.dir/aap_protobuf/service/control/message/ServiceDiscoveryResponse.pb.cc.o
[ 58%] Building CXX object core/aasdk/protobuf/CMakeFiles/aap_protobuf.dir/aap_protobuf/service/control/message/ServiceDiscoveryUpdate.pb.cc.o
[ 58%] Building CXX object _deps/catch2-build/src/CMakeFiles/Catch2.dir/catch2/internal/catch_source_line_info.cpp.o
[ 58%] Building CXX object _deps/catch2-build/src/CMakeFiles/Catch2.dir/catch2/internal/catch_startup_exception_registry.cpp.o
[ 58%] Building CXX object _deps/catch2-build/src/CMakeFiles/Catch2.dir/catch2/internal/catch_stdstreams.cpp.o
[ 58%] Building CXX object _deps/catch2-build/src/CMakeFiles/Catch2.dir/catch2/internal/catch_string_manip.cpp.o
[ 58%] Building CXX object core/aasdk/protobuf/CMakeFiles/aap_protobuf.dir/aap_protobuf/service/control/message/UpdateUiConfigReply.pb.cc.o
[ 58%] Building CXX object _deps/catch2-build/src/CMakeFiles/Catch2.dir/catch2/internal/catch_stringref.cpp.o
[ 58%] Building CXX object core/aasdk/protobuf/CMakeFiles/aap_protobuf.dir/aap_protobuf/service/control/message/UpdateUiConfigRequest.pb.cc.o
[ 58%] Building CXX object _deps/catch2-build/src/CMakeFiles/Catch2.dir/catch2/internal/catch_tag_alias_registry.cpp.o
[ 59%] Building CXX object core/aasdk/protobuf/CMakeFiles/aap_protobuf.dir/aap_protobuf/service/control/message/UserSwitchRequest.pb.cc.o
[ 60%] Building CXX object _deps/catch2-build/src/CMakeFiles/Catch2.dir/catch2/internal/catch_test_case_info_hasher.cpp.o
[ 60%] Building CXX object core/aasdk/protobuf/CMakeFiles/aap_protobuf.dir/aap_protobuf/service/control/message/UserSwitchResponse.pb.cc.o
[ 60%] Building CXX object _deps/catch2-build/src/CMakeFiles/Catch2.dir/catch2/internal/catch_test_case_registry_impl.cpp.o
[ 60%] Building CXX object _deps/catch2-build/src/CMakeFiles/Catch2.dir/catch2/internal/catch_test_case_tracker.cpp.o
[ 60%] Building CXX object core/aasdk/protobuf/CMakeFiles/aap_protobuf.dir/aap_protobuf/service/control/message/UserSwitchStatus.pb.cc.o
[ 60%] Building CXX object _deps/catch2-build/src/CMakeFiles/Catch2.dir/catch2/internal/catch_test_failure_exception.cpp.o
[ 60%] Building CXX object core/aasdk/protobuf/CMakeFiles/aap_protobuf.dir/aap_protobuf/service/control/message/VersionRequestOptions.pb.cc.o
[ 60%] Building CXX object core/aasdk/protobuf/CMakeFiles/aap_protobuf.dir/aap_protobuf/service/control/message/VersionResponseOptions.pb.cc.o
[ 60%] Building CXX object _deps/catch2-build/src/CMakeFiles/Catch2.dir/catch2/internal/catch_test_registry.cpp.o
[ 60%] Building CXX object core/aasdk/protobuf/CMakeFiles/aap_protobuf.dir/aap_protobuf/service/control/message/VoiceSessionNotification.pb.cc.o
[ 60%] Building CXX object _deps/catch2-build/src/CMakeFiles/Catch2.dir/catch2/internal/catch_test_spec_parser.cpp.o
[ 60%] Building CXX object _deps/catch2-build/src/CMakeFiles/Catch2.dir/catch2/internal/catch_textflow.cpp.o
[ 60%] Building CXX object _deps/catch2-build/src/CMakeFiles/Catch2.dir/catch2/internal/catch_uncaught_exceptions.cpp.o
[ 60%] Building CXX object core/aasdk/protobuf/CMakeFiles/aap_protobuf.dir/aap_protobuf/service/control/message/VoiceSessionStatus.pb.cc.o
[ 60%] Building CXX object core/aasdk/protobuf/CMakeFiles/aap_protobuf.dir/aap_protobuf/service/control/message/WirelessTcpConfiguration.pb.cc.o
[ 61%] Building CXX object _deps/catch2-build/src/CMakeFiles/Catch2.dir/catch2/internal/catch_wildcard_pattern.cpp.o
[ 62%] Building CXX object core/aasdk/protobuf/CMakeFiles/aap_protobuf.dir/aap_protobuf/service/genericnotification/GenericNotificationMessageId.pb.cc.o
[ 62%] Building CXX object _deps/catch2-build/src/CMakeFiles/Catch2.dir/catch2/internal/catch_xmlwriter.cpp.o
[ 62%] Building CXX object _deps/catch2-build/src/CMakeFiles/Catch2.dir/catch2/matchers/catch_matchers.cpp.o
[ 62%] Building CXX object _deps/catch2-build/src/CMakeFiles/Catch2.dir/catch2/matchers/catch_matchers_container_properties.cpp.o
[ 62%] Building CXX object core/aasdk/protobuf/CMakeFiles/aap_protobuf.dir/aap_protobuf/service/genericnotification/GenericNotificationService.pb.cc.o
[ 62%] Building CXX object _deps/catch2-build/src/CMakeFiles/Catch2.dir/catch2/matchers/catch_matchers_exception.cpp.o
[ 62%] Building CXX object core/aasdk/protobuf/CMakeFiles/aap_protobuf.dir/aap_protobuf/service/genericnotification/message/GenericNotificationAck.pb.cc.o
[ 62%] Building CXX object _deps/catch2-build/src/CMakeFiles/Catch2.dir/catch2/matchers/catch_matchers_floating_point.cpp.o
[ 62%] Building CXX object core/aasdk/protobuf/CMakeFiles/aap_protobuf.dir/aap_protobuf/service/genericnotification/message/GenericNotificationMessage.pb.cc.o
[ 62%] Building CXX object core/aasdk/protobuf/CMakeFiles/aap_protobuf.dir/aap_protobuf/service/genericnotification/message/GenericNotificationSubscribe.pb.cc.o
[ 62%] Building CXX object _deps/catch2-build/src/CMakeFiles/Catch2.dir/catch2/matchers/catch_matchers_predicate.cpp.o
[ 62%] Building CXX object _deps/catch2-build/src/CMakeFiles/Catch2.dir/catch2/matchers/catch_matchers_quantifiers.cpp.o
[ 62%] Building CXX object core/aasdk/protobuf/CMakeFiles/aap_protobuf.dir/aap_protobuf/service/genericnotification/message/GenericNotificationUnsubscribe.pb.cc.o
[ 62%] Building CXX object core/aasdk/protobuf/CMakeFiles/aap_protobuf.dir/aap_protobuf/service/inputsource/InputMessageId.pb.cc.o
[ 62%] Building CXX object core/aasdk/protobuf/CMakeFiles/aap_protobuf.dir/aap_protobuf/service/inputsource/InputSourceService.pb.cc.o
[ 63%] Building CXX object _deps/catch2-build/src/CMakeFiles/Catch2.dir/catch2/matchers/catch_matchers_string.cpp.o
[ 63%] Building CXX object _deps/catch2-build/src/CMakeFiles/Catch2.dir/catch2/matchers/catch_matchers_templated.cpp.o
[ 63%] Building CXX object _deps/catch2-build/src/CMakeFiles/Catch2.dir/catch2/matchers/internal/catch_matchers_impl.cpp.o
[ 64%] Building CXX object core/aasdk/protobuf/CMakeFiles/aap_protobuf.dir/aap_protobuf/service/inputsource/message/AbsoluteEvent.pb.cc.o
[ 64%] Building CXX object core/aasdk/protobuf/CMakeFiles/aap_protobuf.dir/aap_protobuf/service/inputsource/message/FeedbackEvent.pb.cc.o
[ 64%] Building CXX object core/aasdk/protobuf/CMakeFiles/aap_protobuf.dir/aap_protobuf/service/inputsource/message/InputFeedback.pb.cc.o
[ 64%] Building CXX object core/aasdk/protobuf/CMakeFiles/aap_protobuf.dir/aap_protobuf/service/inputsource/message/InputReport.pb.cc.o
[ 64%] Building CXX object core/aasdk/protobuf/CMakeFiles/aap_protobuf.dir/aap_protobuf/service/inputsource/message/KeyEvent.pb.cc.o
[ 64%] Building CXX object core/aasdk/protobuf/CMakeFiles/aap_protobuf.dir/aap_protobuf/service/inputsource/message/PointerAction.pb.cc.o
[ 64%] Building CXX object core/aasdk/protobuf/CMakeFiles/aap_protobuf.dir/aap_protobuf/service/inputsource/message/RelativeEvent.pb.cc.o
[ 64%] Building CXX object core/aasdk/protobuf/CMakeFiles/aap_protobuf.dir/aap_protobuf/service/inputsource/message/TouchEvent.pb.cc.o
[ 65%] Building CXX object core/aasdk/protobuf/CMakeFiles/aap_protobuf.dir/aap_protobuf/service/inputsource/message/TouchScreenType.pb.cc.o
[ 65%] Linking CXX static library libCatch2.a
[ 65%] Building CXX object core/aasdk/protobuf/CMakeFiles/aap_protobuf.dir/aap_protobuf/service/media/shared/message/AudioConfiguration.pb.cc.o
[ 65%] Built target Catch2
[ 65%] Building CXX object core/aasdk/protobuf/CMakeFiles/aap_protobuf.dir/aap_protobuf/service/media/shared/message/Config.pb.cc.o
[ 65%] Building CXX object _deps/catch2-build/src/CMakeFiles/Catch2WithMain.dir/catch2/internal/catch_main.cpp.o
[ 65%] Building CXX object core/aasdk/protobuf/CMakeFiles/aap_protobuf.dir/aap_protobuf/service/media/shared/message/Insets.pb.cc.o
[ 65%] Building CXX object core/aasdk/protobuf/CMakeFiles/aap_protobuf.dir/aap_protobuf/service/media/shared/message/MediaCodecType.pb.cc.o
[ 65%] Building CXX object core/aasdk/protobuf/CMakeFiles/aap_protobuf.dir/aap_protobuf/service/media/shared/message/Setup.pb.cc.o
[ 65%] Linking CXX static library libCatch2Main.a
[ 65%] Building CXX object core/aasdk/protobuf/CMakeFiles/aap_protobuf.dir/aap_protobuf/service/media/shared/message/Start.pb.cc.o
[ 65%] Built target Catch2WithMain
[ 65%] Building CXX object core/aasdk/protobuf/CMakeFiles/aap_protobuf.dir/aap_protobuf/service/media/shared/message/Stop.pb.cc.o
[ 66%] Building CXX object core/aasdk/protobuf/CMakeFiles/aap_protobuf.dir/aap_protobuf/service/media/shared/message/UiConfig.pb.cc.o
[ 66%] Built target test_eventbus_autogen_timestamp_deps
[ 66%] Built target test_websocket_autogen_timestamp_deps
[ 66%] Building CXX object core/aasdk/protobuf/CMakeFiles/aap_protobuf.dir/aap_protobuf/service/media/shared/message/UiTheme.pb.cc.o
[ 66%] Automatic MOC for target test_eventbus
[ 67%] Automatic MOC for target test_websocket
[ 67%] Built target test_eventbus_autogen
[ 67%] Building CXX object core/aasdk/protobuf/CMakeFiles/aap_protobuf.dir/aap_protobuf/service/media/sink/MediaMessageId.pb.cc.o
[ 67%] Built target test_websocket_autogen
[ 67%] Building CXX object core/aasdk/protobuf/CMakeFiles/aap_protobuf.dir/aap_protobuf/service/media/sink/MediaSinkService.pb.cc.o
[ 67%] Building CXX object tests/CMakeFiles/test_eventbus.dir/test_eventbus_autogen/mocs_compilation.cpp.o
[ 67%] Building CXX object tests/CMakeFiles/test_websocket.dir/test_websocket_autogen/mocs_compilation.cpp.o
[ 67%] Building CXX object tests/CMakeFiles/test_eventbus.dir/test_eventbus.cpp.o
[ 67%] Building CXX object core/aasdk/protobuf/CMakeFiles/aap_protobuf.dir/aap_protobuf/service/media/sink/message/AudioStreamType.pb.cc.o
[ 67%] Building CXX object tests/CMakeFiles/test_websocket.dir/test_websocket.cpp.o
[ 67%] Building CXX object core/aasdk/protobuf/CMakeFiles/aap_protobuf.dir/aap_protobuf/service/media/sink/message/AudioUnderflowNotification.pb.cc.o
[ 67%] Building CXX object tests/CMakeFiles/test_eventbus.dir/__/core/services/eventbus/EventBus.cpp.o
[ 67%] Building CXX object core/aasdk/protobuf/CMakeFiles/aap_protobuf.dir/aap_protobuf/service/media/sink/message/DisplayType.pb.cc.o
[ 68%] Building CXX object core/aasdk/protobuf/CMakeFiles/aap_protobuf.dir/aap_protobuf/service/media/sink/message/KeyBindingRequest.pb.cc.o
[ 68%] Building CXX object core/aasdk/protobuf/CMakeFiles/aap_protobuf.dir/aap_protobuf/service/media/sink/message/KeyBindingResponse.pb.cc.o
[ 68%] Linking CXX executable test_eventbus
[ 68%] Built target test_eventbus
[ 68%] Building CXX object tests/CMakeFiles/test_websocket.dir/__/core/services/eventbus/EventBus.cpp.o
[ 68%] Building CXX object tests/CMakeFiles/test_websocket.dir/__/core/services/logging/Logger.cpp.o
[ 68%] Building CXX object core/aasdk/protobuf/CMakeFiles/aap_protobuf.dir/aap_protobuf/service/media/sink/message/KeyCode.pb.cc.o
[ 68%] Building CXX object core/aasdk/protobuf/CMakeFiles/aap_protobuf.dir/aap_protobuf/service/media/sink/message/VideoCodecResolutionType.pb.cc.o
[ 68%] Building CXX object core/aasdk/protobuf/CMakeFiles/aap_protobuf.dir/aap_protobuf/service/media/sink/message/VideoConfiguration.pb.cc.o
[ 68%] Building CXX object core/aasdk/protobuf/CMakeFiles/aap_protobuf.dir/aap_protobuf/service/media/sink/message/VideoFrameRateType.pb.cc.o
[ 68%] Building CXX object tests/CMakeFiles/test_websocket.dir/__/core/services/websocket/WebSocketServer.cpp.o
[ 68%] Building CXX object core/aasdk/protobuf/CMakeFiles/aap_protobuf.dir/aap_protobuf/service/media/source/MediaSourceService.pb.cc.o
[ 68%] Building CXX object core/aasdk/protobuf/CMakeFiles/aap_protobuf.dir/aap_protobuf/service/media/source/message/Ack.pb.cc.o
[ 69%] Building CXX object core/aasdk/protobuf/CMakeFiles/aap_protobuf.dir/aap_protobuf/service/media/source/message/MicrophoneRequest.pb.cc.o
/build/core/services/websocket/WebSocketServer.cpp: In member function void WebSocketServer::handleServiceCommand(QWebSocket*, const QString&, const QVariantMap&):
/build/core/services/websocket/WebSocketServer.cpp:180:40: error: incomplete type QJsonArray used in nested name specifier
  180 |     response["services"] = QJsonArray::fromStringList(services);
      |                                        ^~~~~~~~~~~~~~
[ 69%] Building CXX object core/aasdk/protobuf/CMakeFiles/aap_protobuf.dir/aap_protobuf/service/media/source/message/MicrophoneResponse.pb.cc.o
[ 69%] Building CXX object core/aasdk/protobuf/CMakeFiles/aap_protobuf.dir/aap_protobuf/service/media/video/message/VideoFocusMode.pb.cc.o
[ 69%] Building CXX object core/aasdk/protobuf/CMakeFiles/aap_protobuf.dir/aap_protobuf/service/media/video/message/VideoFocusNotification.pb.cc.o
gmake[2]: *** [tests/CMakeFiles/test_websocket.dir/build.make:141: tests/CMakeFiles/test_websocket.dir/__/core/services/websocket/WebSocketServer.cpp.o] Error 1
gmake[1]: *** [CMakeFiles/Makefile2:1154: tests/CMakeFiles/test_websocket.dir/all] Error 2
gmake[1]: *** Waiting for unfinished jobs....
[ 69%] Building CXX object core/aasdk/protobuf/CMakeFiles/aap_protobuf.dir/aap_protobuf/service/media/video/message/VideoFocusReason.pb.cc.o
[ 69%] Building CXX object core/aasdk/protobuf/CMakeFiles/aap_protobuf.dir/aap_protobuf/service/media/video/message/VideoFocusRequestNotification.pb.cc.o
[ 69%] Building CXX object core/aasdk/protobuf/CMakeFiles/aap_protobuf.dir/aap_protobuf/service/mediabrowser/MediaBrowserMessageId.pb.cc.o
[ 69%] Building CXX object core/aasdk/protobuf/CMakeFiles/aap_protobuf.dir/aap_protobuf/service/mediabrowser/MediaBrowserService.pb.cc.o
[ 70%] Building CXX object core/aasdk/protobuf/CMakeFiles/aap_protobuf.dir/aap_protobuf/service/mediabrowser/message/MediaBrowserInput.pb.cc.o
[ 70%] Building CXX object core/aasdk/protobuf/CMakeFiles/aap_protobuf.dir/aap_protobuf/service/mediabrowser/message/MediaGetNode.pb.cc.o
[ 70%] Building CXX object core/aasdk/protobuf/CMakeFiles/aap_protobuf.dir/aap_protobuf/service/mediabrowser/message/MediaList.pb.cc.o
[ 70%] Building CXX object core/aasdk/protobuf/CMakeFiles/aap_protobuf.dir/aap_protobuf/service/mediabrowser/message/MediaListNode.pb.cc.o
[ 70%] Building CXX object core/aasdk/protobuf/CMakeFiles/aap_protobuf.dir/aap_protobuf/service/mediabrowser/message/MediaRootNode.pb.cc.o
[ 70%] Building CXX object core/aasdk/protobuf/CMakeFiles/aap_protobuf.dir/aap_protobuf/service/mediabrowser/message/MediaSong.pb.cc.o
[ 70%] Building CXX object core/aasdk/protobuf/CMakeFiles/aap_protobuf.dir/aap_protobuf/service/mediabrowser/message/MediaSongNode.pb.cc.o
[ 70%] Building CXX object core/aasdk/protobuf/CMakeFiles/aap_protobuf.dir/aap_protobuf/service/mediabrowser/message/MediaSource.pb.cc.o
[ 71%] Building CXX object core/aasdk/protobuf/CMakeFiles/aap_protobuf.dir/aap_protobuf/service/mediabrowser/message/MediaSourceNode.pb.cc.o
[ 71%] Building CXX object core/aasdk/protobuf/CMakeFiles/aap_protobuf.dir/aap_protobuf/service/mediaplayback/MediaPlaybackStatusMessageId.pb.cc.o
[ 71%] Building CXX object core/aasdk/protobuf/CMakeFiles/aap_protobuf.dir/aap_protobuf/service/mediaplayback/MediaPlaybackStatusService.pb.cc.o
[ 71%] Building CXX object core/aasdk/protobuf/CMakeFiles/aap_protobuf.dir/aap_protobuf/service/mediaplayback/message/MediaPlaybackMetadata.pb.cc.o
[ 71%] Building CXX object core/aasdk/protobuf/CMakeFiles/aap_protobuf.dir/aap_protobuf/service/mediaplayback/message/MediaPlaybackStatus.pb.cc.o
[ 71%] Building CXX object core/aasdk/protobuf/CMakeFiles/aap_protobuf.dir/aap_protobuf/service/navigationstatus/NavigationStatusMessageId.pb.cc.o
[ 71%] Building CXX object core/aasdk/protobuf/CMakeFiles/aap_protobuf.dir/aap_protobuf/service/navigationstatus/NavigationStatusService.pb.cc.o
[ 71%] Building CXX object core/aasdk/protobuf/CMakeFiles/aap_protobuf.dir/aap_protobuf/service/navigationstatus/message/NavigationCue.pb.cc.o
[ 72%] Building CXX object core/aasdk/protobuf/CMakeFiles/aap_protobuf.dir/aap_protobuf/service/navigationstatus/message/NavigationCurrentPosition.pb.cc.o
[ 72%] Building CXX object core/aasdk/protobuf/CMakeFiles/aap_protobuf.dir/aap_protobuf/service/navigationstatus/message/NavigationDestination.pb.cc.o
[ 72%] Building CXX object core/aasdk/protobuf/CMakeFiles/aap_protobuf.dir/aap_protobuf/service/navigationstatus/message/NavigationDestinationDistance.pb.cc.o
[ 72%] Building CXX object core/aasdk/protobuf/CMakeFiles/aap_protobuf.dir/aap_protobuf/service/navigationstatus/message/NavigationDistance.pb.cc.o
[ 72%] Building CXX object core/aasdk/protobuf/CMakeFiles/aap_protobuf.dir/aap_protobuf/service/navigationstatus/message/NavigationLane.pb.cc.o
[ 72%] Building CXX object core/aasdk/protobuf/CMakeFiles/aap_protobuf.dir/aap_protobuf/service/navigationstatus/message/NavigationManeuver.pb.cc.o
[ 72%] Building CXX object core/aasdk/protobuf/CMakeFiles/aap_protobuf.dir/aap_protobuf/service/navigationstatus/message/NavigationNextTurnDistanceEvent.pb.cc.o
[ 72%] Building CXX object core/aasdk/protobuf/CMakeFiles/aap_protobuf.dir/aap_protobuf/service/navigationstatus/message/NavigationNextTurnEvent.pb.cc.o
[ 73%] Building CXX object core/aasdk/protobuf/CMakeFiles/aap_protobuf.dir/aap_protobuf/service/navigationstatus/message/NavigationRoad.pb.cc.o
[ 73%] Building CXX object core/aasdk/protobuf/CMakeFiles/aap_protobuf.dir/aap_protobuf/service/navigationstatus/message/NavigationState.pb.cc.o
[ 73%] Building CXX object core/aasdk/protobuf/CMakeFiles/aap_protobuf.dir/aap_protobuf/service/navigationstatus/message/NavigationStatus.pb.cc.o
[ 73%] Building CXX object core/aasdk/protobuf/CMakeFiles/aap_protobuf.dir/aap_protobuf/service/navigationstatus/message/NavigationStatusStart.pb.cc.o
[ 73%] Building CXX object core/aasdk/protobuf/CMakeFiles/aap_protobuf.dir/aap_protobuf/service/navigationstatus/message/NavigationStatusStop.pb.cc.o
[ 73%] Building CXX object core/aasdk/protobuf/CMakeFiles/aap_protobuf.dir/aap_protobuf/service/navigationstatus/message/NavigationStep.pb.cc.o
[ 73%] Building CXX object core/aasdk/protobuf/CMakeFiles/aap_protobuf.dir/aap_protobuf/service/navigationstatus/message/NavigationStepDistance.pb.cc.o
[ 73%] Building CXX object core/aasdk/protobuf/CMakeFiles/aap_protobuf.dir/aap_protobuf/service/phonestatus/PhoneStatusMessageId.pb.cc.o
[ 74%] Building CXX object core/aasdk/protobuf/CMakeFiles/aap_protobuf.dir/aap_protobuf/service/phonestatus/PhoneStatusService.pb.cc.o
[ 74%] Building CXX object core/aasdk/protobuf/CMakeFiles/aap_protobuf.dir/aap_protobuf/service/phonestatus/message/PhoneStatus.pb.cc.o
[ 74%] Building CXX object core/aasdk/protobuf/CMakeFiles/aap_protobuf.dir/aap_protobuf/service/phonestatus/message/PhoneStatusInput.pb.cc.o
[ 74%] Building CXX object core/aasdk/protobuf/CMakeFiles/aap_protobuf.dir/aap_protobuf/service/radio/RadioMessageId.pb.cc.o
[ 74%] Building CXX object core/aasdk/protobuf/CMakeFiles/aap_protobuf.dir/aap_protobuf/service/radio/RadioService.pb.cc.o
[ 74%] Building CXX object core/aasdk/protobuf/CMakeFiles/aap_protobuf.dir/aap_protobuf/service/radio/message/ActiveRadioNotification.pb.cc.o
[ 74%] Building CXX object core/aasdk/protobuf/CMakeFiles/aap_protobuf.dir/aap_protobuf/service/radio/message/CancelRadioOperationsRequest.pb.cc.o
[ 75%] Building CXX object core/aasdk/protobuf/CMakeFiles/aap_protobuf.dir/aap_protobuf/service/radio/message/CancelRadioOperationsResponse.pb.cc.o
[ 75%] Building CXX object core/aasdk/protobuf/CMakeFiles/aap_protobuf.dir/aap_protobuf/service/radio/message/ConfigureChannelSpacingRequest.pb.cc.o
[ 75%] Building CXX object core/aasdk/protobuf/CMakeFiles/aap_protobuf.dir/aap_protobuf/service/radio/message/ConfigureChannelSpacingResponse.pb.cc.o
[ 75%] Building CXX object core/aasdk/protobuf/CMakeFiles/aap_protobuf.dir/aap_protobuf/service/radio/message/GetProgramListRequest.pb.cc.o
[ 75%] Building CXX object core/aasdk/protobuf/CMakeFiles/aap_protobuf.dir/aap_protobuf/service/radio/message/GetProgramListResponse.pb.cc.o
[ 75%] Building CXX object core/aasdk/protobuf/CMakeFiles/aap_protobuf.dir/aap_protobuf/service/radio/message/GetTrafficUpdateRequest.pb.cc.o
[ 75%] Building CXX object core/aasdk/protobuf/CMakeFiles/aap_protobuf.dir/aap_protobuf/service/radio/message/GetTrafficUpdateResponse.pb.cc.o
[ 75%] Building CXX object core/aasdk/protobuf/CMakeFiles/aap_protobuf.dir/aap_protobuf/service/radio/message/HdAcquisionState.pb.cc.o
[ 76%] Building CXX object core/aasdk/protobuf/CMakeFiles/aap_protobuf.dir/aap_protobuf/service/radio/message/HdRadioArtistExperience.pb.cc.o
[ 76%] Building CXX object core/aasdk/protobuf/CMakeFiles/aap_protobuf.dir/aap_protobuf/service/radio/message/HdRadioComment.pb.cc.o
[ 76%] Building CXX object core/aasdk/protobuf/CMakeFiles/aap_protobuf.dir/aap_protobuf/service/radio/message/HdRadioCommercial.pb.cc.o
[ 76%] Building CXX object core/aasdk/protobuf/CMakeFiles/aap_protobuf.dir/aap_protobuf/service/radio/message/HdRadioPsdData.pb.cc.o
[ 76%] Building CXX object core/aasdk/protobuf/CMakeFiles/aap_protobuf.dir/aap_protobuf/service/radio/message/HdRadioSisData.pb.cc.o
[ 76%] Building CXX object core/aasdk/protobuf/CMakeFiles/aap_protobuf.dir/aap_protobuf/service/radio/message/HdRadioStationInfo.pb.cc.o
[ 76%] Building CXX object core/aasdk/protobuf/CMakeFiles/aap_protobuf.dir/aap_protobuf/service/radio/message/ItuRegion.pb.cc.o
[ 76%] Building CXX object core/aasdk/protobuf/CMakeFiles/aap_protobuf.dir/aap_protobuf/service/radio/message/Location.pb.cc.o
[ 77%] Building CXX object core/aasdk/protobuf/CMakeFiles/aap_protobuf.dir/aap_protobuf/service/radio/message/MuteRadioRequest.pb.cc.o
[ 77%] Building CXX object core/aasdk/protobuf/CMakeFiles/aap_protobuf.dir/aap_protobuf/service/radio/message/MuteRadioResponse.pb.cc.o
[ 77%] Building CXX object core/aasdk/protobuf/CMakeFiles/aap_protobuf.dir/aap_protobuf/service/radio/message/RadioProperties.pb.cc.o
[ 77%] Building CXX object core/aasdk/protobuf/CMakeFiles/aap_protobuf.dir/aap_protobuf/service/radio/message/RadioSourceRequest.pb.cc.o
[ 77%] Building CXX object core/aasdk/protobuf/CMakeFiles/aap_protobuf.dir/aap_protobuf/service/radio/message/RadioSourceResponse.pb.cc.o
[ 77%] Building CXX object core/aasdk/protobuf/CMakeFiles/aap_protobuf.dir/aap_protobuf/service/radio/message/RadioStateNotification.pb.cc.o
[ 77%] Building CXX object core/aasdk/protobuf/CMakeFiles/aap_protobuf.dir/aap_protobuf/service/radio/message/RadioStationInfo.pb.cc.o
[ 77%] Building CXX object core/aasdk/protobuf/CMakeFiles/aap_protobuf.dir/aap_protobuf/service/radio/message/RadioStationInfoNotification.pb.cc.o
[ 78%] Building CXX object core/aasdk/protobuf/CMakeFiles/aap_protobuf.dir/aap_protobuf/service/radio/message/RadioStationMetaData.pb.cc.o
[ 78%] Building CXX object core/aasdk/protobuf/CMakeFiles/aap_protobuf.dir/aap_protobuf/service/radio/message/RadioType.pb.cc.o
[ 78%] Building CXX object core/aasdk/protobuf/CMakeFiles/aap_protobuf.dir/aap_protobuf/service/radio/message/Range.pb.cc.o
[ 78%] Building CXX object core/aasdk/protobuf/CMakeFiles/aap_protobuf.dir/aap_protobuf/service/radio/message/RdsData.pb.cc.o
[ 78%] Building CXX object core/aasdk/protobuf/CMakeFiles/aap_protobuf.dir/aap_protobuf/service/radio/message/RdsType.pb.cc.o
[ 78%] Building CXX object core/aasdk/protobuf/CMakeFiles/aap_protobuf.dir/aap_protobuf/service/radio/message/ScanStationsRequest.pb.cc.o
[ 78%] Building CXX object core/aasdk/protobuf/CMakeFiles/aap_protobuf.dir/aap_protobuf/service/radio/message/ScanStationsResponse.pb.cc.o
[ 78%] Building CXX object core/aasdk/protobuf/CMakeFiles/aap_protobuf.dir/aap_protobuf/service/radio/message/SeekStationRequest.pb.cc.o
[ 79%] Building CXX object core/aasdk/protobuf/CMakeFiles/aap_protobuf.dir/aap_protobuf/service/radio/message/SeekStationResponse.pb.cc.o
[ 79%] Building CXX object core/aasdk/protobuf/CMakeFiles/aap_protobuf.dir/aap_protobuf/service/radio/message/SelectActiveRadioRequest.pb.cc.o
[ 79%] Building CXX object core/aasdk/protobuf/CMakeFiles/aap_protobuf.dir/aap_protobuf/service/radio/message/StationPreset.pb.cc.o
[ 79%] Building CXX object core/aasdk/protobuf/CMakeFiles/aap_protobuf.dir/aap_protobuf/service/radio/message/StationPresetList.pb.cc.o
[ 79%] Building CXX object core/aasdk/protobuf/CMakeFiles/aap_protobuf.dir/aap_protobuf/service/radio/message/StationPresetsNotification.pb.cc.o
[ 79%] Building CXX object core/aasdk/protobuf/CMakeFiles/aap_protobuf.dir/aap_protobuf/service/radio/message/StepChannelRequest.pb.cc.o
[ 79%] Building CXX object core/aasdk/protobuf/CMakeFiles/aap_protobuf.dir/aap_protobuf/service/radio/message/StepChannelResponse.pb.cc.o
[ 79%] Building CXX object core/aasdk/protobuf/CMakeFiles/aap_protobuf.dir/aap_protobuf/service/radio/message/TrafficIncident.pb.cc.o
[ 80%] Building CXX object core/aasdk/protobuf/CMakeFiles/aap_protobuf.dir/aap_protobuf/service/radio/message/TrafficServiceType.pb.cc.o
[ 80%] Building CXX object core/aasdk/protobuf/CMakeFiles/aap_protobuf.dir/aap_protobuf/service/radio/message/TuneToStationRequest.pb.cc.o
[ 80%] Building CXX object core/aasdk/protobuf/CMakeFiles/aap_protobuf.dir/aap_protobuf/service/radio/message/TuneToStationResponse.pb.cc.o
[ 80%] Building CXX object core/aasdk/protobuf/CMakeFiles/aap_protobuf.dir/aap_protobuf/service/sensorsource/SensorMessageId.pb.cc.o
[ 80%] Building CXX object core/aasdk/protobuf/CMakeFiles/aap_protobuf.dir/aap_protobuf/service/sensorsource/SensorSourceService.pb.cc.o
[ 80%] Building CXX object core/aasdk/protobuf/CMakeFiles/aap_protobuf.dir/aap_protobuf/service/sensorsource/message/AccelerometerData.pb.cc.o
[ 80%] Building CXX object core/aasdk/protobuf/CMakeFiles/aap_protobuf.dir/aap_protobuf/service/sensorsource/message/CompassData.pb.cc.o
[ 80%] Building CXX object core/aasdk/protobuf/CMakeFiles/aap_protobuf.dir/aap_protobuf/service/sensorsource/message/DeadReckoningData.pb.cc.o
[ 81%] Building CXX object core/aasdk/protobuf/CMakeFiles/aap_protobuf.dir/aap_protobuf/service/sensorsource/message/DiagnosticsData.pb.cc.o
[ 81%] Building CXX object core/aasdk/protobuf/CMakeFiles/aap_protobuf.dir/aap_protobuf/service/sensorsource/message/DoorData.pb.cc.o
[ 81%] Building CXX object core/aasdk/protobuf/CMakeFiles/aap_protobuf.dir/aap_protobuf/service/sensorsource/message/DrivingStatus.pb.cc.o
[ 81%] Building CXX object core/aasdk/protobuf/CMakeFiles/aap_protobuf.dir/aap_protobuf/service/sensorsource/message/DrivingStatusData.pb.cc.o
[ 81%] Building CXX object core/aasdk/protobuf/CMakeFiles/aap_protobuf.dir/aap_protobuf/service/sensorsource/message/EnvironmentData.pb.cc.o
[ 81%] Building CXX object core/aasdk/protobuf/CMakeFiles/aap_protobuf.dir/aap_protobuf/service/sensorsource/message/EvConnectorType.pb.cc.o
[ 81%] Building CXX object core/aasdk/protobuf/CMakeFiles/aap_protobuf.dir/aap_protobuf/service/sensorsource/message/FuelData.pb.cc.o
[ 82%] Building CXX object core/aasdk/protobuf/CMakeFiles/aap_protobuf.dir/aap_protobuf/service/sensorsource/message/FuelType.pb.cc.o
[ 82%] Building CXX object core/aasdk/protobuf/CMakeFiles/aap_protobuf.dir/aap_protobuf/service/sensorsource/message/Gear.pb.cc.o
[ 82%] Building CXX object core/aasdk/protobuf/CMakeFiles/aap_protobuf.dir/aap_protobuf/service/sensorsource/message/GearData.pb.cc.o
[ 82%] Building CXX object core/aasdk/protobuf/CMakeFiles/aap_protobuf.dir/aap_protobuf/service/sensorsource/message/GpsSatellite.pb.cc.o
[ 82%] Building CXX object core/aasdk/protobuf/CMakeFiles/aap_protobuf.dir/aap_protobuf/service/sensorsource/message/GyroscopeData.pb.cc.o
[ 82%] Building CXX object core/aasdk/protobuf/CMakeFiles/aap_protobuf.dir/aap_protobuf/service/sensorsource/message/HeadLightState.pb.cc.o
[ 82%] Building CXX object core/aasdk/protobuf/CMakeFiles/aap_protobuf.dir/aap_protobuf/service/sensorsource/message/HvacData.pb.cc.o
[ 82%] Building CXX object core/aasdk/protobuf/CMakeFiles/aap_protobuf.dir/aap_protobuf/service/sensorsource/message/LightData.pb.cc.o
[ 83%] Building CXX object core/aasdk/protobuf/CMakeFiles/aap_protobuf.dir/aap_protobuf/service/sensorsource/message/LocationData.pb.cc.o
[ 83%] Building CXX object core/aasdk/protobuf/CMakeFiles/aap_protobuf.dir/aap_protobuf/service/sensorsource/message/NightModeData.pb.cc.o
[ 83%] Building CXX object core/aasdk/protobuf/CMakeFiles/aap_protobuf.dir/aap_protobuf/service/sensorsource/message/OdometerData.pb.cc.o
[ 83%] Building CXX object core/aasdk/protobuf/CMakeFiles/aap_protobuf.dir/aap_protobuf/service/sensorsource/message/ParkingBrakeData.pb.cc.o
[ 83%] Building CXX object core/aasdk/protobuf/CMakeFiles/aap_protobuf.dir/aap_protobuf/service/sensorsource/message/PassengerData.pb.cc.o
[ 83%] Building CXX object core/aasdk/protobuf/CMakeFiles/aap_protobuf.dir/aap_protobuf/service/sensorsource/message/RpmData.pb.cc.o
[ 83%] Building CXX object core/aasdk/protobuf/CMakeFiles/aap_protobuf.dir/aap_protobuf/service/sensorsource/message/Sensor.pb.cc.o
[ 83%] Building CXX object core/aasdk/protobuf/CMakeFiles/aap_protobuf.dir/aap_protobuf/service/sensorsource/message/SensorBatch.pb.cc.o
[ 84%] Building CXX object core/aasdk/protobuf/CMakeFiles/aap_protobuf.dir/aap_protobuf/service/sensorsource/message/SensorError.pb.cc.o
[ 84%] Building CXX object core/aasdk/protobuf/CMakeFiles/aap_protobuf.dir/aap_protobuf/service/sensorsource/message/SensorErrorType.pb.cc.o
[ 84%] Building CXX object core/aasdk/protobuf/CMakeFiles/aap_protobuf.dir/aap_protobuf/service/sensorsource/message/SensorRequest.pb.cc.o
[ 84%] Building CXX object core/aasdk/protobuf/CMakeFiles/aap_protobuf.dir/aap_protobuf/service/sensorsource/message/SensorResponse.pb.cc.o
[ 84%] Building CXX object core/aasdk/protobuf/CMakeFiles/aap_protobuf.dir/aap_protobuf/service/sensorsource/message/SensorStartResponseMessage.pb.cc.o
[ 84%] Building CXX object core/aasdk/protobuf/CMakeFiles/aap_protobuf.dir/aap_protobuf/service/sensorsource/message/SensorType.pb.cc.o
[ 84%] Building CXX object core/aasdk/protobuf/CMakeFiles/aap_protobuf.dir/aap_protobuf/service/sensorsource/message/SpeedData.pb.cc.o
[ 84%] Building CXX object core/aasdk/protobuf/CMakeFiles/aap_protobuf.dir/aap_protobuf/service/sensorsource/message/TirePressureData.pb.cc.o
[ 85%] Building CXX object core/aasdk/protobuf/CMakeFiles/aap_protobuf.dir/aap_protobuf/service/sensorsource/message/TollCardData.pb.cc.o
[ 85%] Building CXX object core/aasdk/protobuf/CMakeFiles/aap_protobuf.dir/aap_protobuf/service/sensorsource/message/TurnIndicatorState.pb.cc.o
[ 85%] Building CXX object core/aasdk/protobuf/CMakeFiles/aap_protobuf.dir/aap_protobuf/service/vendorextension/VendorExtensionService.pb.cc.o
[ 85%] Building CXX object core/aasdk/protobuf/CMakeFiles/aap_protobuf.dir/aap_protobuf/service/wifiprojection/WifiProjectionMessageId.pb.cc.o
[ 85%] Building CXX object core/aasdk/protobuf/CMakeFiles/aap_protobuf.dir/aap_protobuf/service/wifiprojection/WifiProjectionService.pb.cc.o
[ 85%] Building CXX object core/aasdk/protobuf/CMakeFiles/aap_protobuf.dir/aap_protobuf/service/wifiprojection/message/AccessPointType.pb.cc.o
[ 85%] Building CXX object core/aasdk/protobuf/CMakeFiles/aap_protobuf.dir/aap_protobuf/service/wifiprojection/message/WifiCredentialsRequest.pb.cc.o
[ 85%] Building CXX object core/aasdk/protobuf/CMakeFiles/aap_protobuf.dir/aap_protobuf/service/wifiprojection/message/WifiCredentialsResponse.pb.cc.o
[ 86%] Building CXX object core/aasdk/protobuf/CMakeFiles/aap_protobuf.dir/aap_protobuf/service/wifiprojection/message/WifiSecurityMode.pb.cc.o
[ 86%] Building CXX object core/aasdk/protobuf/CMakeFiles/aap_protobuf.dir/aap_protobuf/shared/InstrumentClusterInput.pb.cc.o
[ 86%] Building CXX object core/aasdk/protobuf/CMakeFiles/aap_protobuf.dir/aap_protobuf/shared/MessageStatus.pb.cc.o
[ 86%] Building CXX object core/aasdk/protobuf/CMakeFiles/aap_protobuf.dir/aap_protobuf/shared/PhoneInfo.pb.cc.o
[ 86%] Linking CXX shared library ../lib/libaap_protobuf.so
[ 86%] Built target aap_protobuf
gmake: *** [Makefile:166: all] Error 2
